2024-05-11 10:59:50:5950 [33mwarn[39m: [33mpostgres connection failed[39m
2024-05-11 11:00:16:016 [33mwarn[39m: [33mpostgres connection failed[39m
2024-05-11 11:02:01:21 [33mwarn[39m: [33mpostgres connection failed[39m
2024-05-11 11:02:59:259 [33mwarn[39m: [33mpostgres connection failed[39m
<<<<<<< HEAD
2024-05-11 19:10:27:1027 [33mwarn[39m: [33mpostgres connection failed[39m
2024-05-13 10:40:04:404 [33mwarn[39m: [33mpostgres connection failed[39m
2024-05-13 10:40:47:4047 [33mwarn[39m: [33mpostgres connection failed[39m
2024-05-13 10:42:24:4224 [33mwarn[39m: [33mpostgres connection failed[39m
2024-05-13 10:46:57:4657 [33mwarn[39m: [33mpostgres connection failed[39m
2024-05-13 10:48:03:483 [33mwarn[39m: [33mpostgres connection failed[39m
2024-05-13 10:48:35:4835 [33mwarn[39m: [33mpostgres connection failed[39m
2024-05-13 10:49:26:4926 [33mwarn[39m: [33mpostgres connection failed[39m
2024-05-13 16:34:56:3456 [33mwarn[39m: [33mpostgres connection failed[39m
=======
2024-05-11 11:47:41:4741 [33mwarn[39m: [33mpostgres connection failed[39m
2024-05-11 11:48:09:489 [33mwarn[39m: [33mpostgres connection failed[39m
2024-05-11 12:01:55:155 [33mwarn[39m: [33mpostgres connection failed[39m
2024-05-11 12:02:51:251 [33mwarn[39m: [33mpostgres connection failed[39m
2024-05-11 12:09:52:952 [33mwarn[39m: [33mpostgres connection failed[39m
2024-05-11 12:13:19:1319 [33mwarn[39m: [33mpostgres connection failed[39m
2024-05-11 12:18:22:1822 [33mwarn[39m: [33mpostgres connection failed[39m
2024-05-11 12:25:22:2522 [33mwarn[39m: [33mpostgres connection failed[39m
2024-05-11 12:54:22:5422 [35mhttp[39m: [35mGET / 200 23 - 1.977 ms[39m
[35m[39m
2024-05-11 19:49:02:492 [33mwarn[39m: [33mpostgres connection failed[39m
2024-05-11 20:06:37:637 [35mhttp[39m: [35mPOST /user/api/v1/send-code 404 161 - 6.642 ms[39m
[35m[39m
2024-05-11 20:09:10:910 [35mhttp[39m: [35mPOST /user/api/v1/send-code 400 19 - 4.948 ms[39m
[35m[39m
2024-05-11 20:09:29:929 [35mhttp[39m: [35mPOST /user/api/v1/send-code?email%20=phamducluu2003@gmail.com 400 19 - 1.450 ms[39m
[35m[39m
2024-05-11 20:09:52:952 [35mhttp[39m: [35mPOST /user/api/v1/send-code 200 24 - 40.898 ms[39m
[35m[39m
2024-05-13 16:55:09:559 [35mhttp[39m: [35mGET /user/api/v1 404 150 - 4.933 ms[39m
[35m[39m
2024-05-13 17:01:45:145 [35mhttp[39m: [35mGET /user/api/v1/reset-code 404 161 - 4.612 ms[39m
[35m[39m
2024-05-13 17:07:16:716 [35mhttp[39m: [35mGET /user/api/v1/reset-code 404 161 - 6.250 ms[39m
[35m[39m
2024-05-13 17:07:48:748 [35mhttp[39m: [35mGET /user/api/v1/send-code 404 160 - 2.053 ms[39m
[35m[39m
2024-05-13 17:07:54:754 [35mhttp[39m: [35mPOST /user/api/v1/send-code 400 19 - 4.459 ms[39m
[35m[39m
2024-05-13 17:08:44:844 [31merror[39m: [31mNo metadata for "User" was found.[39m
2024-05-13 17:08:44:844 [35mhttp[39m: [35mPOST /user/api/v1/send-code 400 13 - 20.515 ms[39m
[35m[39m
2024-05-13 17:11:18:1118 [31merror[39m: [31mNo metadata for "User" was found.[39m
2024-05-13 17:11:18:1118 [35mhttp[39m: [35mPOST /user/api/v1/send-code 400 13 - 4.112 ms[39m
[35m[39m
2024-05-13 17:12:16:1216 [31merror[39m: [31mNo metadata for "User" was found.[39m
2024-05-13 17:12:16:1216 [35mhttp[39m: [35mPOST /user/api/v1/send-code 400 13 - 30.812 ms[39m
[35m[39m
2024-05-13 17:13:40:1340 [31merror[39m: [31mNo metadata for "User" was found.[39m
2024-05-13 17:13:40:1340 [35mhttp[39m: [35mPOST /user/api/v1/send-code 400 13 - 31.602 ms[39m
[35m[39m
2024-05-13 17:14:26:1426 [31merror[39m: [31mNo metadata for "User" was found.[39m
2024-05-13 17:14:26:1426 [35mhttp[39m: [35mPOST /user/api/v1/send-code 400 13 - 42.184 ms[39m
[35m[39m
2024-05-13 17:15:19:1519 [31merror[39m: [31mNo metadata for "User" was found.[39m
2024-05-13 17:15:19:1519 [35mhttp[39m: [35mPOST /user/api/v1/send-code 400 13 - 40.751 ms[39m
[35m[39m
2024-05-13 17:15:50:1550 [31merror[39m: [31mNo metadata for "User" was found.[39m
2024-05-13 17:15:50:1550 [35mhttp[39m: [35mPOST /user/api/v1/send-code 400 13 - 3.783 ms[39m
[35m[39m
2024-05-13 17:16:39:1639 [31merror[39m: [31mNo metadata for "User" was found.[39m
2024-05-13 17:16:39:1639 [35mhttp[39m: [35mPOST /user/api/v1/send-code 400 13 - 31.806 ms[39m
[35m[39m
2024-05-13 17:17:19:1719 [31merror[39m: [31mNo metadata for "User" was found.[39m
2024-05-13 17:17:19:1719 [35mhttp[39m: [35mPOST /user/api/v1/send-code 400 13 - 27.473 ms[39m
[35m[39m
2024-05-13 17:28:50:2850 [31merror[39m: [31mNo metadata for "User" was found.[39m
2024-05-13 17:28:50:2850 [35mhttp[39m: [35mPOST /user/api/v1/send-code 400 13 - 29.085 ms[39m
[35m[39m
2024-05-13 17:30:12:3012 [33mwarn[39m: [33mpostgres connection failed[39m
2024-05-13 17:41:39:4139 [31merror[39m: [31mNo metadata for "User" was found.[39m
2024-05-13 17:41:39:4139 [35mhttp[39m: [35mPOST /user/api/v1/send-code 400 13 - 34.746 ms[39m
[35m[39m
2024-05-13 17:44:53:4453 [31merror[39m: [31mNo metadata for "User" was found.[39m
2024-05-13 17:44:53:4453 [35mhttp[39m: [35mPOST /user/api/v1/send-code 400 13 - 30.482 ms[39m
[35m[39m
2024-05-13 17:44:56:4456 [31merror[39m: [31mNo metadata for "User" was found.[39m
2024-05-13 17:44:56:4456 [35mhttp[39m: [35mPOST /user/api/v1/send-code 400 13 - 5.511 ms[39m
[35m[39m
2024-05-13 18:18:04:184 [31merror[39m: [31m[39m
[31mInvalid `prisma.user.update()` invocation in[39m
[31m/mnt/Luu1_drive/myuserhome/project/web-app-project/chat-app/back-end/user_service/src/services/user.service.ts:36:44[39m

[31m  33     options: string[] = [][39m
[31m  34 ) {[39m
[31m  35     try {[39m
[31m→ 36         const user = await prisma.user.update([39m
[31mThe table `public.User` does not exist in the current database.[39m
2024-05-13 18:18:04:184 [35mhttp[39m: [35mPOST /user/api/v1/send-code 400 13 - 71.456 ms[39m
[35m[39m
2024-05-13 18:19:15:1915 [31merror[39m: [31m[39m
[31mInvalid `prisma.user.update()` invocation in[39m
[31m/mnt/Luu1_drive/myuserhome/project/web-app-project/chat-app/back-end/user_service/src/services/user.service.ts:36:44[39m

[31m  33     options: string[] = [][39m
[31m  34 ) {[39m
[31m  35     try {[39m
[31m→ 36         const user = await prisma.user.update([39m
[31mAn operation failed because it depends on one or more records that were required but not found. Record to update not found.[39m
2024-05-13 18:19:15:1915 [35mhttp[39m: [35mPOST /user/api/v1/send-code 400 13 - 73.648 ms[39m
[35m[39m
2024-05-13 18:39:00:390 [35mhttp[39m: [35mPOST /user/api/v1/send-code 200 24 - 54.060 ms[39m
[35m[39m
2024-05-13 18:40:02:402 [35mhttp[39m: [35mPOST /user/api/v1/send-code 200 24 - 59.936 ms[39m
[35m[39m
2024-05-13 18:45:20:4520 [31merror[39m: [31mInvalid login: 535 Authentication failed[39m
2024-05-13 18:45:20:4520 [31merror[39m: [31mBad request[39m
2024-05-13 18:45:20:4520 [35mhttp[39m: [35mPOST /user/api/v1/send-code 400 13 - 3268.162 ms[39m
[35m[39m
2024-05-13 18:46:09:469 [31merror[39m: [31mInvalid login: 535 Authentication failed[39m
2024-05-13 18:46:09:469 [31merror[39m: [31mBad request[39m
2024-05-13 18:46:09:469 [35mhttp[39m: [35mPOST /user/api/v1/send-code 400 13 - 2880.548 ms[39m
[35m[39m
2024-05-13 18:47:40:4740 [31merror[39m: [31mInvalid login: 534-5.7.9 Application-specific password required. For more information, go to[39m
[31m534 5.7.9  https://support.google.com/mail/?p=InvalidSecondFactor d2e1a72fcca58-6f4d2b060f9sm7174541b3a.182 - gsmtp[39m
2024-05-13 18:47:40:4740 [31merror[39m: [31mBad request[39m
2024-05-13 18:47:40:4740 [35mhttp[39m: [35mPOST /user/api/v1/send-code 400 13 - 1268.775 ms[39m
[35m[39m
2024-05-13 18:48:20:4820 [31merror[39m: [31mInvalid login: 534-5.7.9 Application-specific password required. For more information, go to[39m
[31m534 5.7.9  https://support.google.com/mail/?p=InvalidSecondFactor 41be03b00d2f7-6341134706asm6639797a12.86 - gsmtp[39m
2024-05-13 18:48:20:4820 [31merror[39m: [31mBad request[39m
2024-05-13 18:48:20:4820 [35mhttp[39m: [35mPOST /user/api/v1/send-code 400 13 - 1121.105 ms[39m
[35m[39m
2024-05-13 18:49:52:4952 [31merror[39m: [31mInvalid login: 534-5.7.9 Application-specific password required. For more information, go to[39m
[31m534 5.7.9  https://support.google.com/mail/?p=InvalidSecondFactor d9443c01a7336-1ef0c2568a3sm77205645ad.300 - gsmtp[39m
2024-05-13 18:49:52:4952 [31merror[39m: [31mBad request[39m
2024-05-13 18:49:52:4952 [35mhttp[39m: [35mPOST /user/api/v1/send-code 400 13 - 2080.085 ms[39m
[35m[39m
2024-05-13 18:52:21:5221 [31merror[39m: [31mInvalid login: 534-5.7.9 Application-specific password required. For more information, go to[39m
[31m534 5.7.9  https://support.google.com/mail/?p=InvalidSecondFactor 98e67ed59e1d1-2b671782d06sm7693949a91.52 - gsmtp[39m
2024-05-13 18:52:21:5221 [31merror[39m: [31mBad request[39m
2024-05-13 18:52:21:5221 [35mhttp[39m: [35mPOST /user/api/v1/send-code 400 13 - 1528.620 ms[39m
[35m[39m
2024-05-15 10:35:43:3543 [31merror[39m: [31m[39m
[31mInvalid `prisma.user.findFirst()` invocation in[39m
[31m/mnt/Luu1_drive/myuserhome/project/web-app-project/chat-app/back-end/user_service/src/services/user.service.ts:12:44[39m

[31m   9 class UserService {[39m
[31m  10     async getUserByEmail(email: string, options: (keyof User)[] = []) {[39m
[31m  11         try {[39m
[31m→ 12             const user = await prisma.user.findFirst([39m
[31mCan't reach database server at `localhost`:`5432`[39m

[31mPlease make sure your database server is running at `localhost`:`5432`.[39m
2024-05-15 10:35:43:3543 [35mhttp[39m: [35mPOST /user/api/v1/send-code 400 13 - 413.458 ms[39m
[35m[39m
2024-05-15 10:36:53:3653 [31merror[39m: [31mconnect ECONNREFUSED 127.0.0.1:587[39m
2024-05-15 10:36:53:3653 [31merror[39m: [31mBad request[39m
2024-05-15 10:36:53:3653 [35mhttp[39m: [35mPOST /user/api/v1/send-code 400 13 - 494.586 ms[39m
[35m[39m
2024-05-15 10:37:06:376 [31merror[39m: [31mconnect ECONNREFUSED 127.0.0.1:587[39m
2024-05-15 10:37:06:376 [31merror[39m: [31mBad request[39m
2024-05-15 10:37:06:376 [35mhttp[39m: [35mPOST /user/api/v1/send-code 400 13 - 21.316 ms[39m
[35m[39m
2024-05-15 10:46:36:4636 [35mhttp[39m: [35mPOST /user/api/v1/send-code 200 24 - 3262.018 ms[39m
[35m[39m
2024-05-15 10:47:10:4710 [35mhttp[39m: [35mPOST /user/api/v1/send-code 400 16 - 20.324 ms[39m
[35m[39m
2024-05-15 10:47:19:4719 [35mhttp[39m: [35mPOST /user/api/v1/send-code 400 16 - 5.280 ms[39m
[35m[39m
2024-05-15 10:53:04:534 [35mhttp[39m: [35mGET /user/api/v1 404 150 - 3.133 ms[39m
[35m[39m
2024-05-15 10:53:14:5314 [35mhttp[39m: [35mPOST /user/api/v1/send-code 200 24 - 3032.039 ms[39m
[35m[39m
2024-05-15 10:55:30:5530 [35mhttp[39m: [35mPOST /user/api/v1/send-code 200 24 - 2723.678 ms[39m
[35m[39m
2024-05-15 10:56:30:5630 [35mhttp[39m: [35mPOST /user/api/v1/send-code 200 24 - 3106.547 ms[39m
[35m[39m
2024-05-15 10:58:13:5813 [35mhttp[39m: [35mPOST /user/api/v1/send-code 400 16 - 7.399 ms[39m
[35m[39m
2024-05-15 10:58:45:5845 [35mhttp[39m: [35mPOST /user/api/v1/send-code 200 24 - 2963.480 ms[39m
[35m[39m
2024-05-15 11:01:00:10 [35mhttp[39m: [35mPOST /user/api/v1/send-code 200 24 - 2996.421 ms[39m
[35m[39m
2024-05-15 11:32:20:3220 [35mhttp[39m: [35mPOST /user/api/v1/reset-code - - - - ms[39m
[35m[39m
2024-05-15 11:32:43:3243 [35mhttp[39m: [35mPOST /user/api/v1/reset-code - - - - ms[39m
[35m[39m
2024-05-15 11:33:23:3323 [31merror[39m: [31mMissing parameter[39m
2024-05-15 11:33:23:3323 [35mhttp[39m: [35mPOST /user/api/v1/reset-code 400 39 - 34.113 ms[39m
[35m[39m
2024-05-15 11:34:03:343 [31merror[39m: [31mMissing parameter[39m
2024-05-15 11:34:03:343 [35mhttp[39m: [35mPOST /user/api/v1/reset-code 400 51 - 37.057 ms[39m
[35m[39m
2024-05-15 11:35:08:358 [31merror[39m: [31mInvalid email[39m
2024-05-15 11:35:08:358 [35mhttp[39m: [35mPOST /user/api/v1/reset-code 400 47 - 9.275 ms[39m
[35m[39m
2024-05-15 11:35:57:3557 [31merror[39m: [31mInvalid email[39m
2024-05-15 11:35:57:3557 [35mhttp[39m: [35mPOST /user/api/v1/reset-code 400 47 - 77.716 ms[39m
[35m[39m
2024-05-15 11:36:30:3630 [37mdebug[39m: [37m[[39m
[37m  'phamducluu2003.1@gmail.com',[39m
[37m  'phamducluu2003.1',[39m
[37m  'phamducluu2003.1',[39m
[37m  '.1',[39m
[37m  undefined,[39m
[37m  'gmail.com',[39m
[37m  undefined,[39m
[37m  'gmail.com',[39m
[37m  'gmail.',[39m
[37m  index: 0,[39m
[37m  input: 'phamducluu2003.1@gmail.com',[39m
[37m  groups: undefined[39m
[37m][39m
2024-05-15 11:36:30:3630 [31merror[39m: [31mInvalid email[39m
2024-05-15 11:36:30:3630 [35mhttp[39m: [35mPOST /user/api/v1/reset-code 400 47 - 67.894 ms[39m
[35m[39m
2024-05-15 11:37:16:3716 [37mdebug[39m: [37m[[39m
[37m  'phamducluu2003.1@gmail.com',[39m
[37m  'phamducluu2003.1',[39m
[37m  'phamducluu2003.1',[39m
[37m  '.1',[39m
[37m  undefined,[39m
[37m  'gmail.com',[39m
[37m  undefined,[39m
[37m  'gmail.com',[39m
[37m  'gmail.',[39m
[37m  index: 0,[39m
[37m  input: 'phamducluu2003.1@gmail.com',[39m
[37m  groups: undefined[39m
[37m][39m
2024-05-15 11:37:17:3717 [31merror[39m: [31mInvalid email[39m
2024-05-15 11:37:17:3717 [35mhttp[39m: [35mPOST /user/api/v1/reset-code 400 47 - 103.782 ms[39m
[35m[39m
2024-05-15 11:41:02:412 [31merror[39m: [31mInvalid email[39m
2024-05-15 11:41:02:412 [35mhttp[39m: [35mPOST /user/api/v1/reset-code 400 47 - 40.109 ms[39m
[35m[39m
2024-05-15 11:41:24:4124 [31merror[39m: [31mInvalid reset code[39m
2024-05-15 11:41:24:4124 [35mhttp[39m: [35mPOST /user/api/v1/reset-code 400 52 - 91.388 ms[39m
[35m[39m
2024-05-15 11:42:21:4221 [31merror[39m: [31mInvalid reset code[39m
2024-05-15 11:42:21:4221 [35mhttp[39m: [35mPOST /user/api/v1/reset-code 400 52 - 78.198 ms[39m
[35m[39m
2024-05-15 11:42:51:4251 [31merror[39m: [31mInvalid reset code[39m
2024-05-15 11:42:51:4251 [35mhttp[39m: [35mPOST /user/api/v1/reset-code 400 52 - 82.234 ms[39m
[35m[39m
2024-05-15 11:43:17:4317 [31merror[39m: [31mInvalid reset code[39m
2024-05-15 11:43:17:4317 [35mhttp[39m: [35mPOST /user/api/v1/reset-code 400 52 - 84.311 ms[39m
[35m[39m
2024-05-15 11:43:51:4351 [31merror[39m: [31mInvalid reset code[39m
2024-05-15 11:43:51:4351 [35mhttp[39m: [35mPOST /user/api/v1/reset-code 400 52 - 106.290 ms[39m
[35m[39m
2024-05-15 11:45:00:450 [35mhttp[39m: [35mPOST /user/api/v1/reset-code - - - - ms[39m
[35m[39m
2024-05-15 11:46:24:4624 [35mhttp[39m: [35mPOST /user/api/v1/reset-code - - - - ms[39m
[35m[39m
2024-05-15 12:00:51:051 [35mhttp[39m: [35mPOST /user/api/v1/reset-code - - - - ms[39m
[35m[39m
2024-05-15 12:10:45:1045 [31merror[39m: [31mExpired reset code[39m
2024-05-15 12:10:45:1045 [35mhttp[39m: [35mPOST /user/api/v1/reset-code 400 52 - 87.735 ms[39m
[35m[39m
2024-05-15 12:11:33:1133 [31merror[39m: [31mExpired reset code[39m
2024-05-15 12:11:33:1133 [35mhttp[39m: [35mPOST /user/api/v1/reset-code 400 52 - 12.058 ms[39m
[35m[39m
2024-05-15 12:11:42:1142 [35mhttp[39m: [35mPOST /user/api/v1/send-code 200 24 - 4040.998 ms[39m
[35m[39m
2024-05-15 12:12:06:126 [31merror[39m: [31mExpired reset code[39m
2024-05-15 12:12:06:126 [35mhttp[39m: [35mPOST /user/api/v1/reset-code 400 52 - 10.683 ms[39m
[35m[39m
2024-05-15 12:12:15:1215 [31merror[39m: [31mExpired reset code[39m
2024-05-15 12:12:15:1215 [35mhttp[39m: [35mPOST /user/api/v1/reset-code 400 52 - 7.730 ms[39m
[35m[39m
2024-05-15 12:12:21:1221 [31merror[39m: [31mExpired reset code[39m
2024-05-15 12:12:21:1221 [35mhttp[39m: [35mPOST /user/api/v1/reset-code 400 52 - 10.170 ms[39m
[35m[39m
2024-05-15 12:12:53:1253 [31merror[39m: [31mExpired reset code[39m
2024-05-15 12:12:53:1253 [35mhttp[39m: [35mPOST /user/api/v1/reset-code 400 52 - 113.394 ms[39m
[35m[39m
2024-05-15 12:13:06:136 [31merror[39m: [31mExpired reset code[39m
2024-05-15 12:13:06:136 [35mhttp[39m: [35mPOST /user/api/v1/reset-code 400 52 - 90.025 ms[39m
[35m[39m
2024-05-15 12:14:34:1434 [31merror[39m: [31mExpired reset code[39m
2024-05-15 12:14:34:1434 [35mhttp[39m: [35mPOST /user/api/v1/reset-code 400 52 - 80.233 ms[39m
[35m[39m
2024-05-15 12:15:02:152 [31merror[39m: [31mExpired reset code[39m
2024-05-15 12:15:02:152 [35mhttp[39m: [35mPOST /user/api/v1/reset-code 400 52 - 89.834 ms[39m
[35m[39m
2024-05-15 12:15:07:157 [31merror[39m: [31mExpired reset code[39m
2024-05-15 12:15:07:157 [35mhttp[39m: [35mPOST /user/api/v1/reset-code 400 52 - 13.616 ms[39m
[35m[39m
2024-05-15 12:15:59:1559 [31merror[39m: [31mExpired reset code[39m
2024-05-15 12:15:59:1559 [35mhttp[39m: [35mPOST /user/api/v1/reset-code 400 52 - 85.328 ms[39m
[35m[39m
2024-05-15 12:16:19:1619 [35mhttp[39m: [35mPOST /user/api/v1/send-code 200 24 - 3766.406 ms[39m
[35m[39m
2024-05-15 12:16:36:1636 [31merror[39m: [31mInvalid reset code[39m
2024-05-15 12:16:36:1636 [35mhttp[39m: [35mPOST /user/api/v1/reset-code 400 52 - 17.467 ms[39m
[35m[39m
2024-05-15 12:17:41:1741 [35mhttp[39m: [35mPOST /user/api/v1/reset-code - - - - ms[39m
[35m[39m
2024-05-15 12:18:06:186 [31merror[39m: [31mExpired reset code[39m
2024-05-15 12:18:06:186 [35mhttp[39m: [35mPOST /user/api/v1/reset-code 400 52 - 7.518 ms[39m
[35m[39m
2024-05-15 13:02:18:218 [35mhttp[39m: [35mPOST /user/api/v1/send-code - - - - ms[39m
[35m[39m
2024-05-15 13:04:06:46 [31merror[39m: [31mClient network socket disconnected before secure TLS connection was established[39m
2024-05-15 13:04:06:46 [31merror[39m: [31mBad request[39m
2024-05-15 13:08:18:818 [35mhttp[39m: [35mPOST /user/api/v1/send-code 200 24 - 11654.922 ms[39m
[35m[39m
2024-05-15 13:08:34:834 [31merror[39m: [31mInvalid reset code[39m
2024-05-15 13:08:34:834 [35mhttp[39m: [35mPOST /user/api/v1/reset-code 400 52 - 13.929 ms[39m
[35m[39m
2024-05-15 13:08:49:849 [35mhttp[39m: [35mPOST /user/api/v1/reset-code 200 47 - 23.001 ms[39m
[35m[39m
>>>>>>> pdluu
2024-05-15 23:25:40:2540 [35mhttp[39m: [35mPOST /user/api/v1/users/create-user 500 56 - 21.730 ms[39m
[35m[39m
2024-05-15 23:30:17:3017 [35mhttp[39m: [35mPOST /user/api/v1/users/create-user 500 56 - 35.272 ms[39m
[35m[39m
2024-05-15 23:30:20:3020 [35mhttp[39m: [35mPOST /user/api/v1/users/create-user 500 56 - 6.361 ms[39m
[35m[39m
2024-05-15 23:30:21:3021 [35mhttp[39m: [35mPOST /user/api/v1/users/create-user 500 56 - 3.344 ms[39m
[35m[39m
2024-05-15 23:30:23:3023 [35mhttp[39m: [35mPOST /user/api/v1/users/create-user 500 56 - 5.778 ms[39m
[35m[39m
2024-05-15 23:30:35:3035 [35mhttp[39m: [35mPOST /user/api/v1/users/create-user 500 56 - 5.223 ms[39m
[35m[39m
2024-05-15 23:30:44:3044 [35mhttp[39m: [35mPOST /user/api/v1/users/create-user 500 56 - 3.767 ms[39m
[35m[39m
2024-05-15 23:32:08:328 [35mhttp[39m: [35mPOST /user/api/v1/users/create-user 500 56 - 30.444 ms[39m
[35m[39m
2024-05-15 23:32:44:3244 [35mhttp[39m: [35mPOST /user/api/v1/users/create-user 500 56 - 4.509 ms[39m
[35m[39m
2024-05-15 23:32:59:3259 [35mhttp[39m: [35mPOST /user/api/v1/users/create-user 500 426 - 102.115 ms[39m
[35m[39m
2024-05-15 23:48:56:4856 [35mhttp[39m: [35mPOST /user/api/v1/users/create-user 500 426 - 68.794 ms[39m
[35m[39m
2024-05-15 23:51:17:5117 [35mhttp[39m: [35mPOST /user/api/v1/users/create-user 500 426 - 108.941 ms[39m
[35m[39m
2024-05-15 23:53:24:5324 [35mhttp[39m: [35mPOST /user/api/v1/users/create-user 500 424 - 67.757 ms[39m
[35m[39m
2024-05-16 00:02:04:24 [35mhttp[39m: [35mPOST /user/api/v1/users/create-user 500 420 - 84.640 ms[39m
[35m[39m
2024-05-16 00:04:14:414 [35mhttp[39m: [35mPOST /user/api/v1/users/create-user 200 47 - 146.253 ms[39m
[35m[39m
2024-05-16 00:04:38:438 [35mhttp[39m: [35mPOST /user/api/v1/users/create-user 500 34 - 17.237 ms[39m
[35m[39m
2024-05-25 13:48:39:4839 [35mhttp[39m: [35mPOST /authentication/api/v1/generate-token 404 176 - 21.267 ms[39m
[35m[39m
2024-05-25 13:52:12:5212 [35mhttp[39m: [35mPOST /user/api/v1/get-id 200 23 - 9.713 ms[39m
[35m[39m
2024-05-25 13:52:12:5212 [35mhttp[39m: [35mPOST /authentication/api/v1/generate-token 404 176 - 1.214 ms[39m
[35m[39m
2024-05-25 13:53:42:5342 [35mhttp[39m: [35mPOST /user/api/v1/get-id 200 23 - 3.571 ms[39m
[35m[39m
2024-05-25 13:53:42:5342 [35mhttp[39m: [35mPOST /authentication/api/v1/generate-token 404 176 - 0.676 ms[39m
[35m[39m
2024-05-25 17:51:17:5117 [35mhttp[39m: [35mGET /user/api/v1/users/get-id 404 163 - 13.104 ms[39m
[35m[39m
2024-05-25 17:51:42:5142 [35mhttp[39m: [35mPOST /user/api/v1/users/get-id 500 26 - 4151.101 ms[39m
[35m[39m
2024-05-25 17:52:11:5211 [35mhttp[39m: [35mPOST /user/api/v1/users/get-id 500 26 - 4131.664 ms[39m
[35m[39m
2024-05-25 17:58:00:580 [35mhttp[39m: [35mPOST /user/api/v1/users/get-id 500 26 - 4121.182 ms[39m
[35m[39m
2024-05-25 18:04:44:444 [35mhttp[39m: [35mPOST /user/api/v1/users/create-user 500 477 - 4131.217 ms[39m
[35m[39m
2024-05-25 18:05:02:52 [35mhttp[39m: [35mPOST /user/api/v1/users/create-user 500 477 - 4100.125 ms[39m
[35m[39m
2024-05-25 18:06:11:611 [35mhttp[39m: [35mPOST /user/api/v1/users/create-user 500 477 - 4080.892 ms[39m
[35m[39m
2024-05-25 18:30:45:3045 [35mhttp[39m: [35mPOST /user/api/v1/users/create-user 200 47 - 209.154 ms[39m
[35m[39m
2024-05-25 18:31:12:3112 [35mhttp[39m: [35mPOST /user/api/v1/users/get-id 200 15 - 12.239 ms[39m
[35m[39m
2024-05-25 18:34:41:3441 [35mhttp[39m: [35mPOST /user/api/v1/users/get-id 200 15 - 11.664 ms[39m
[35m[39m
2024-05-25 18:35:21:3521 [35mhttp[39m: [35mPOST /user/api/v1/users/get-id 200 8 - 54.619 ms[39m
[35m[39m
2024-05-25 18:40:42:4042 [35mhttp[39m: [35mPOST /user/api/v1/get-id 200 23 - 10.673 ms[39m
[35m[39m
2024-05-25 18:40:42:4042 [35mhttp[39m: [35mPOST /authentication/api/v1/generate-token 404 176 - 1.176 ms[39m
[35m[39m
2024-05-25 18:45:47:4547 [35mhttp[39m: [35mPOST /authentication/api/v1/generate-token 404 176 - 0.557 ms[39m
[35m[39m
2024-05-25 18:47:20:4720 [35mhttp[39m: [35mPOST /authentication/api/v1/generate-token 404 176 - 0.642 ms[39m
[35m[39m
2024-05-25 18:49:14:4914 [35mhttp[39m: [35mPOST /authentication/api/v1/generate-token 404 176 - 0.518 ms[39m
[35m[39m
2024-05-25 18:49:31:4931 [35mhttp[39m: [35mPOST /authentication/api/v1/generate-token 404 176 - 0.507 ms[39m
[35m[39m
2024-05-25 18:58:13:5813 [35mhttp[39m: [35mPOST /user/api/v1/get-id 200 23 - 2.153 ms[39m
[35m[39m
2024-05-25 18:59:15:5915 [35mhttp[39m: [35mPOST /user/api/v1/get-id 200 23 - 5.645 ms[39m
[35m[39m
2024-05-25 19:01:06:16 [35mhttp[39m: [35mPOST /user/api/v1/get-id 200 23 - 27.263 ms[39m
[35m[39m
2024-05-25 19:07:20:720 [35mhttp[39m: [35mPOST /user/api/v1/users/get-id 200 8 - 28.788 ms[39m
[35m[39m
2024-05-25 19:07:24:724 [35mhttp[39m: [35mPOST /user/api/v1/get-id 200 23 - 6.069 ms[39m
[35m[39m
2024-05-25 19:26:42:2642 [35mhttp[39m: [35mPOST /user/api/v1/get-id 200 23 - 2.194 ms[39m
[35m[39m
2024-05-25 19:27:55:2755 [35mhttp[39m: [35mPOST /user/api/v1/get-id 200 23 - 23.228 ms[39m
[35m[39m
2024-05-25 19:28:57:2857 [35mhttp[39m: [35mPOST /user/api/v1/get-id 404 158 - 2.782 ms[39m
[35m[39m
2024-05-25 19:29:43:2943 [35mhttp[39m: [35mPOST /user/api/v1/get-id 404 158 - 1.351 ms[39m
[35m[39m
2024-05-25 19:32:19:3219 [35mhttp[39m: [35mPOST /user/api/v1/get-id 404 158 - 16.527 ms[39m
[35m[39m
2024-05-25 19:36:50:3650 [35mhttp[39m: [35mPOST /user/api/v1/get-id 404 158 - 10.026 ms[39m
[35m[39m
2024-05-25 19:40:44:4044 [35mhttp[39m: [35mPOST /user/api/v1/get-id 404 158 - 0.916 ms[39m
[35m[39m
2024-05-25 19:42:02:422 [35mhttp[39m: [35mPOST /user/api/v1/get-id 404 158 - 0.601 ms[39m
[35m[39m
2024-05-25 19:45:27:4527 [35mhttp[39m: [35mPOST /user/api/v1/get-id 404 158 - 11.702 ms[39m
[35m[39m
2024-05-25 19:45:33:4533 [35mhttp[39m: [35mPOST /user/api/v1/get-id 404 158 - 2.211 ms[39m
[35m[39m
2024-05-25 19:47:17:4717 [35mhttp[39m: [35mPOST /user/api/v1/get-id 404 158 - 0.593 ms[39m
[35m[39m
2024-05-25 19:49:16:4916 [35mhttp[39m: [35mPOST /user/api/v1/get-id 404 158 - 1.997 ms[39m
[35m[39m
2024-05-25 19:49:40:4940 [35mhttp[39m: [35mPOST /user/api/v1/get-id 404 158 - 20.436 ms[39m
[35m[39m
2024-05-25 19:51:40:5140 [35mhttp[39m: [35mPOST /user/api/v1/users/get-id 200 8 - 47.084 ms[39m
[35m[39m
2024-05-25 19:53:19:5319 [35mhttp[39m: [35mPOST /user/api/v1/users/get-id 200 8 - 53.924 ms[39m
[35m[39m
2024-05-25 19:53:59:5359 [35mhttp[39m: [35mPOST /user/api/v1/users/get-id 200 8 - 7.451 ms[39m
[35m[39m
2024-05-25 19:54:47:5447 [35mhttp[39m: [35mPOST /user/api/v1/users/get-id 200 8 - 8.590 ms[39m
[35m[39m
2024-05-25 19:54:50:5450 [35mhttp[39m: [35mPOST /user/api/v1/users/get-id 200 8 - 3.992 ms[39m
[35m[39m
2024-05-25 19:55:39:5539 [35mhttp[39m: [35mPOST /user/api/v1/users/get-id 200 8 - 7.336 ms[39m
[35m[39m
2024-05-25 19:57:47:5747 [35mhttp[39m: [35mPOST /user/api/v1/users/get-id 200 8 - 42.908 ms[39m
[35m[39m
2024-05-25 20:00:08:08 [35mhttp[39m: [35mPOST /user/api/v1/users/get-id 200 8 - 6.177 ms[39m
[35m[39m
2024-05-25 20:00:52:052 [35mhttp[39m: [35mPOST /user/api/v1/users/get-id 200 8 - 6.331 ms[39m
[35m[39m
2024-05-25 20:05:39:539 [35mhttp[39m: [35mPOST /user/api/v1/users/get-id 200 8 - 4.798 ms[39m
[35m[39m
2024-05-25 20:08:55:855 [35mhttp[39m: [35mPOST /user/api/v1/users/get-id 200 8 - 4.912 ms[39m
[35m[39m
2024-05-25 20:09:14:914 [35mhttp[39m: [35mPOST /user/api/v1/users/get-id 200 8 - 6.783 ms[39m
[35m[39m
2024-05-25 20:11:41:1141 [35mhttp[39m: [35mPOST /user/api/v1/users/get-id 200 8 - 6.407 ms[39m
[35m[39m
2024-05-27 11:38:13:3813 [35mhttp[39m: [35mPOST /user/api/v1/users/get-id 500 26 - 4149.778 ms[39m
[35m[39m
2024-05-27 11:38:19:3819 [35mhttp[39m: [35mPOST /user/api/v1/users/get-id 500 26 - 4097.106 ms[39m
[35m[39m
2024-05-27 11:39:41:3941 [35mhttp[39m: [35mPOST /user/api/v1/users/get-id 500 26 - 4097.337 ms[39m
[35m[39m
2024-05-27 11:39:57:3957 [35mhttp[39m: [35mPOST /user/api/v1/users/get-id 500 26 - 4090.392 ms[39m
[35m[39m
2024-05-27 11:48:17:4817 [35mhttp[39m: [35mPOST /user/api/v1/users/get-id 500 26 - 4098.079 ms[39m
[35m[39m
2024-05-27 11:49:25:4925 [35mhttp[39m: [35mPOST /user/api/v1/users/get-id 500 26 - 4099.494 ms[39m
[35m[39m
2024-05-27 11:50:52:5052 [35mhttp[39m: [35mPOST /user/api/v1/users/create-user 500 477 - 4149.787 ms[39m
[35m[39m
2024-05-27 11:51:01:511 [35mhttp[39m: [35mPOST /user/api/v1/users/create-user 500 477 - 4111.770 ms[39m
[35m[39m
2024-05-27 11:51:26:5126 [35mhttp[39m: [35mPOST /user/api/v1/users/create-user 500 477 - 4095.195 ms[39m
[35m[39m
2024-05-27 11:52:08:528 [35mhttp[39m: [35mPOST /user/api/v1/users/get-id 200 8 - 86.364 ms[39m
[35m[39m
2024-05-27 11:52:10:5210 [35mhttp[39m: [35mPOST /user/api/v1/users/get-id 200 8 - 6.598 ms[39m
[35m[39m
2024-05-27 11:52:36:5236 [35mhttp[39m: [35mPOST /user/api/v1/users/get-id 200 8 - 11.372 ms[39m
[35m[39m
2024-05-27 11:53:18:5318 [35mhttp[39m: [35mPOST /user/api/v1/users/create-user 200 47 - 122.396 ms[39m
[35m[39m
2024-05-27 11:53:31:5331 [35mhttp[39m: [35mPOST /user/api/v1/users/get-id 200 8 - 4.946 ms[39m
[35m[39m
2024-05-27 11:59:01:591 [35mhttp[39m: [35mPOST /user/api/v1/users/get-id 200 8 - 30.336 ms[39m
[35m[39m
2024-05-27 15:03:48:348 [35mhttp[39m: [35mPOST /user/api/v1/users/get-id 500 26 - 4140.297 ms[39m
[35m[39m
2024-05-27 15:04:39:439 [35mhttp[39m: [35mPOST /user/api/v1/users/get-id 500 26 - 854.074 ms[39m
[35m[39m
2024-05-27 15:04:52:452 [35mhttp[39m: [35mPOST /user/api/v1/users/get-id 200 8 - 89.806 ms[39m
[35m[39m
2024-05-27 15:05:27:527 [35mhttp[39m: [35mPOST /user/api/v1/users/get-id 200 8 - 5.954 ms[39m
[35m[39m
2024-05-27 15:05:52:552 [35mhttp[39m: [35mPOST /user/api/v1/users/get-id 200 8 - 4.999 ms[39m
[35m[39m
2024-05-27 15:06:45:645 [35mhttp[39m: [35mPOST /user/api/v1/users/get-id 200 8 - 5.822 ms[39m
[35m[39m
2024-05-27 15:09:15:915 [35mhttp[39m: [35mPOST /user/api/v1/users/get-id 200 8 - 5.468 ms[39m
[35m[39m
2024-05-27 15:14:00:140 [35mhttp[39m: [35mPOST /user/api/v1/users/get-id 200 8 - 6.233 ms[39m
[35m[39m
2024-05-27 15:14:02:142 [35mhttp[39m: [35mPOST /user/api/v1/users/get-id 200 8 - 10.045 ms[39m
[35m[39m
2024-05-27 15:14:04:144 [35mhttp[39m: [35mPOST /user/api/v1/users/get-id 200 8 - 3.238 ms[39m
[35m[39m
2024-05-27 15:14:05:145 [35mhttp[39m: [35mPOST /user/api/v1/users/get-id 200 8 - 5.032 ms[39m
[35m[39m
2024-05-27 15:14:06:146 [35mhttp[39m: [35mPOST /user/api/v1/users/get-id 200 8 - 3.261 ms[39m
[35m[39m
2024-05-27 15:14:07:147 [35mhttp[39m: [35mPOST /user/api/v1/users/get-id 200 8 - 3.621 ms[39m
[35m[39m
2024-05-27 15:14:08:148 [35mhttp[39m: [35mPOST /user/api/v1/users/get-id 200 8 - 3.642 ms[39m
[35m[39m
2024-05-27 15:14:09:149 [35mhttp[39m: [35mPOST /user/api/v1/users/get-id 200 8 - 2.586 ms[39m
[35m[39m
2024-05-27 15:14:10:1410 [35mhttp[39m: [35mPOST /user/api/v1/users/get-id 200 8 - 2.736 ms[39m
[35m[39m
2024-05-27 15:14:11:1411 [35mhttp[39m: [35mPOST /user/api/v1/users/get-id 200 8 - 2.653 ms[39m
[35m[39m
2024-05-27 15:14:12:1412 [35mhttp[39m: [35mPOST /user/api/v1/users/get-id 200 8 - 2.955 ms[39m
[35m[39m
2024-05-27 15:14:13:1413 [35mhttp[39m: [35mPOST /user/api/v1/users/get-id 200 8 - 2.651 ms[39m
[35m[39m
2024-05-27 15:14:14:1414 [35mhttp[39m: [35mPOST /user/api/v1/users/get-id 200 8 - 3.166 ms[39m
[35m[39m
2024-05-27 15:14:15:1415 [35mhttp[39m: [35mPOST /user/api/v1/users/get-id 200 8 - 3.737 ms[39m
[35m[39m
2024-05-27 15:14:16:1416 [35mhttp[39m: [35mPOST /user/api/v1/users/get-id 200 8 - 4.280 ms[39m
[35m[39m
2024-05-27 15:15:02:152 [35mhttp[39m: [35mPOST /user/api/v1/users/get-id 200 8 - 4.877 ms[39m
[35m[39m
2024-05-27 15:15:02:152 [35mhttp[39m: [35mPOST /user/api/v1/users/get-id 200 8 - 3.343 ms[39m
[35m[39m
2024-05-27 15:15:03:153 [35mhttp[39m: [35mPOST /user/api/v1/users/get-id 200 8 - 3.135 ms[39m
[35m[39m
2024-05-27 15:15:04:154 [35mhttp[39m: [35mPOST /user/api/v1/users/get-id 200 8 - 2.447 ms[39m
[35m[39m
2024-05-27 15:15:05:155 [35mhttp[39m: [35mPOST /user/api/v1/users/get-id 200 8 - 2.764 ms[39m
[35m[39m
2024-05-27 15:15:06:156 [35mhttp[39m: [35mPOST /user/api/v1/users/get-id 200 8 - 4.110 ms[39m
[35m[39m
2024-06-05 19:58:25:5825 [35mhttp[39m: [35mGET /docs - - - - ms[39m
[35m[39m
2024-06-05 19:59:09:599 [35mhttp[39m: [35mGET / - - - - ms[39m
[35m[39m
2024-06-05 20:00:51:051 [35mhttp[39m: [35mGET / - - - - ms[39m
[35m[39m
2024-06-05 20:01:12:112 [35mhttp[39m: [35mGET / 200 23 - 7.686 ms[39m
[35m[39m
2024-06-05 20:01:12:112 [35mhttp[39m: [35mGET /favicon.ico 404 150 - 6.869 ms[39m
[35m[39m
2024-06-05 20:01:14:114 [35mhttp[39m: [35mGET / 304 - - 1.069 ms[39m
[35m[39m
2024-06-05 20:04:24:424 [35mhttp[39m: [35mGET / 304 - - 5.905 ms[39m
[35m[39m
2024-06-05 21:16:27:1627 [35mhttp[39m: [35mGET /docs 301 175 - 7.447 ms[39m
[35m[39m
2024-06-05 21:16:27:1627 [35mhttp[39m: [35mGET /docs/ 200 - - 6.123 ms[39m
[35m[39m
2024-06-05 21:16:27:1627 [35mhttp[39m: [35mGET /docs/swagger-ui-init.js 200 - - 0.936 ms[39m
[35m[39m
2024-06-05 21:16:27:1627 [35mhttp[39m: [35mGET /docs/swagger-ui.css 200 - - 10.310 ms[39m
[35m[39m
2024-06-05 21:16:27:1627 [35mhttp[39m: [35mGET /docs/swagger-ui-standalone-preset.js 200 - - 6.211 ms[39m
[35m[39m
2024-06-05 21:16:27:1627 [35mhttp[39m: [35mGET /docs/swagger-ui-bundle.js 200 - - 7.950 ms[39m
[35m[39m
2024-06-05 21:16:27:1627 [35mhttp[39m: [35mGET /docs/favicon-32x32.png 200 628 - 1.078 ms[39m
[35m[39m
2024-06-05 21:17:50:1750 [35mhttp[39m: [35mGET /docs/ 200 - - 10.418 ms[39m
[35m[39m
2024-06-05 21:17:50:1750 [35mhttp[39m: [35mGET /docs/swagger-ui.css 304 - - 4.587 ms[39m
[35m[39m
2024-06-05 21:17:50:1750 [35mhttp[39m: [35mGET /docs/swagger-ui-bundle.js 304 - - 3.002 ms[39m
[35m[39m
2024-06-05 21:17:50:1750 [35mhttp[39m: [35mGET /docs/swagger-ui-init.js 304 - - 0.794 ms[39m
[35m[39m
2024-06-05 21:17:50:1750 [35mhttp[39m: [35mGET /docs/swagger-ui-standalone-preset.js 304 - - 6.397 ms[39m
[35m[39m
2024-06-05 21:18:10:1810 [35mhttp[39m: [35mGET /docs/ 304 - - 8.265 ms[39m
[35m[39m
2024-06-05 21:18:10:1810 [35mhttp[39m: [35mGET /docs/swagger-ui.css 304 - - 2.597 ms[39m
[35m[39m
2024-06-05 21:18:10:1810 [35mhttp[39m: [35mGET /docs/swagger-ui-bundle.js 304 - - 1.018 ms[39m
[35m[39m
2024-06-05 21:18:10:1810 [35mhttp[39m: [35mGET /docs/swagger-ui-init.js 304 - - 0.617 ms[39m
[35m[39m
2024-06-05 21:18:10:1810 [35mhttp[39m: [35mGET /docs/swagger-ui-standalone-preset.js 304 - - 0.998 ms[39m
[35m[39m
2024-06-05 21:18:43:1843 [35mhttp[39m: [35mGET /docs/ 304 - - 2.143 ms[39m
[35m[39m
2024-06-05 21:18:43:1843 [35mhttp[39m: [35mGET /docs/swagger-ui.css 304 - - 2.147 ms[39m
[35m[39m
2024-06-05 21:18:43:1843 [35mhttp[39m: [35mGET /docs/swagger-ui-bundle.js 304 - - 1.078 ms[39m
[35m[39m
2024-06-05 21:18:43:1843 [35mhttp[39m: [35mGET /docs/swagger-ui-standalone-preset.js 304 - - 2.979 ms[39m
[35m[39m
2024-06-05 21:18:43:1843 [35mhttp[39m: [35mGET /docs/swagger-ui-init.js 304 - - 1.394 ms[39m
[35m[39m
2024-06-05 21:18:52:1852 [35mhttp[39m: [35mGET /docs/ 304 - - 11.497 ms[39m
[35m[39m
2024-06-05 21:18:52:1852 [35mhttp[39m: [35mGET /docs/swagger-ui.css 304 - - 3.397 ms[39m
[35m[39m
2024-06-05 21:18:52:1852 [35mhttp[39m: [35mGET /docs/swagger-ui-bundle.js 304 - - 2.832 ms[39m
[35m[39m
2024-06-05 21:18:52:1852 [35mhttp[39m: [35mGET /docs/swagger-ui-init.js 304 - - 0.943 ms[39m
[35m[39m
2024-06-05 21:18:52:1852 [35mhttp[39m: [35mGET /docs/swagger-ui-standalone-preset.js 304 - - 6.996 ms[39m
[35m[39m
2024-06-05 21:20:07:207 [35mhttp[39m: [35mGET /docs/ 304 - - 9.358 ms[39m
[35m[39m
2024-06-05 21:20:07:207 [35mhttp[39m: [35mGET /docs/swagger-ui.css 304 - - 5.379 ms[39m
[35m[39m
2024-06-05 21:20:07:207 [35mhttp[39m: [35mGET /docs/swagger-ui-bundle.js 304 - - 1.299 ms[39m
[35m[39m
2024-06-05 21:20:07:207 [35mhttp[39m: [35mGET /docs/swagger-ui-standalone-preset.js 304 - - 1.241 ms[39m
[35m[39m
2024-06-05 21:20:07:207 [35mhttp[39m: [35mGET /docs/swagger-ui-init.js 200 - - 5.226 ms[39m
[35m[39m
2024-06-19 12:49:18:4918 [35mhttp[39m: [35mGET /docs/ 200 - - 7.280 ms[39m
[35m[39m
2024-06-19 12:49:18:4918 [35mhttp[39m: [35mGET /docs/swagger-ui-init.js 200 - - 0.943 ms[39m
[35m[39m
2024-06-19 12:49:18:4918 [35mhttp[39m: [35mGET /docs/swagger-ui.css 200 - - 8.038 ms[39m
[35m[39m
2024-06-19 12:49:18:4918 [35mhttp[39m: [35mGET /docs/swagger-ui-standalone-preset.js 200 - - 6.017 ms[39m
[35m[39m
2024-06-19 12:49:18:4918 [35mhttp[39m: [35mGET /docs/swagger-ui-bundle.js 200 - - 7.399 ms[39m
[35m[39m
2024-06-19 12:49:18:4918 [35mhttp[39m: [35mGET /docs/favicon-32x32.png 200 628 - 1.079 ms[39m
[35m[39m
2024-06-19 12:54:42:5442 [35mhttp[39m: [35mGET /docs/ 304 - - 4.755 ms[39m
[35m[39m
2024-06-19 12:54:42:5442 [35mhttp[39m: [35mGET /docs/swagger-ui.css 304 - - 2.003 ms[39m
[35m[39m
2024-06-19 12:54:42:5442 [35mhttp[39m: [35mGET /docs/swagger-ui-bundle.js 304 - - 0.686 ms[39m
[35m[39m
2024-06-19 12:54:42:5442 [35mhttp[39m: [35mGET /docs/swagger-ui-standalone-preset.js 304 - - 0.560 ms[39m
[35m[39m
2024-06-19 12:54:42:5442 [35mhttp[39m: [35mGET /docs/swagger-ui-init.js 200 - - 2.304 ms[39m
[35m[39m
2024-06-19 13:00:12:012 [35mhttp[39m: [35mGET /docs/ 200 - - 7.248 ms[39m
[35m[39m
2024-06-19 13:00:12:012 [35mhttp[39m: [35mGET /docs/swagger-ui.css 304 - - 2.115 ms[39m
[35m[39m
2024-06-19 13:00:12:012 [35mhttp[39m: [35mGET /docs/swagger-ui-bundle.js 304 - - 0.695 ms[39m
[35m[39m
2024-06-19 13:00:12:012 [35mhttp[39m: [35mGET /docs/swagger-ui-standalone-preset.js 304 - - 0.609 ms[39m
[35m[39m
2024-06-19 13:00:12:012 [35mhttp[39m: [35mGET /docs/swagger-ui-init.js 200 - - 0.910 ms[39m
[35m[39m
2024-06-19 13:05:56:556 [35mhttp[39m: [35mGET /docs/ 304 - - 5.180 ms[39m
[35m[39m
2024-06-19 13:05:56:556 [35mhttp[39m: [35mGET /docs/swagger-ui.css 304 - - 4.855 ms[39m
[35m[39m
2024-06-19 13:05:56:556 [35mhttp[39m: [35mGET /docs/swagger-ui-standalone-preset.js 304 - - 3.909 ms[39m
[35m[39m
2024-06-19 13:05:56:556 [35mhttp[39m: [35mGET /docs/swagger-ui-bundle.js 304 - - 4.273 ms[39m
[35m[39m
2024-06-19 13:05:57:557 [35mhttp[39m: [35mGET /docs/swagger-ui-init.js 200 - - 2.722 ms[39m
[35m[39m
2024-06-19 13:45:11:4511 [35mhttp[39m: [35mPOST /user/api/v1/users/create-new-user 200 2 - 13.367 ms[39m
[35m[39m
2024-06-19 13:45:24:4524 [35mhttp[39m: [35mPOST /user/api/v1/users/create-new-user 200 2 - 15.302 ms[39m
[35m[39m
2024-06-19 13:45:55:4555 [35mhttp[39m: [35mPOST /user/api/v1/users/create-new-user 200 2 - 17.288 ms[39m
[35m[39m
2024-06-19 13:46:12:4612 [35mhttp[39m: [35mPOST /user/api/v1/users/create-new-user 200 2 - 8.957 ms[39m
[35m[39m
2024-06-19 13:46:25:4625 [35mhttp[39m: [35mPOST /user/api/v1/users/create-new-user 200 2 - 1.471 ms[39m
[35m[39m
2024-06-19 13:47:07:477 [35mhttp[39m: [35mPOST /user/api/v1/users/create-new-user 200 2 - 14.580 ms[39m
[35m[39m
2024-06-19 13:47:08:478 [35mhttp[39m: [35mPOST /user/api/v1/users/create-new-user 200 2 - 0.990 ms[39m
[35m[39m
2024-06-19 13:47:10:4710 [35mhttp[39m: [35mPOST /user/api/v1/users/create-new-user 200 2 - 0.843 ms[39m
[35m[39m
2024-06-19 13:47:26:4726 [35mhttp[39m: [35mPOST /user/api/v1/users/create-new-user 200 8 - 13.169 ms[39m
[35m[39m
2024-06-19 13:47:47:4747 [35mhttp[39m: [35mPOST /user/api/v1/users/create-new-user 200 2 - 10.331 ms[39m
[35m[39m
2024-06-19 13:47:49:4749 [35mhttp[39m: [35mPOST /user/api/v1/users/create-new-user 200 2 - 1.200 ms[39m
[35m[39m
2024-06-19 13:48:03:483 [35mhttp[39m: [35mPOST /user/api/v1/users/create-new-user 200 2 - 17.380 ms[39m
[35m[39m
2024-06-19 13:48:30:4830 [35mhttp[39m: [35mPOST /user/api/v1/users/create-new-user 200 2 - 11.713 ms[39m
[35m[39m
2024-06-19 13:49:36:4936 [35mhttp[39m: [35mPOST /user/api/v1/users/create-new-user 200 36 - 10.341 ms[39m
[35m[39m
2024-06-19 13:53:47:5347 [35mhttp[39m: [35mPOST /user/api/v1/users/create-new-user 200 49 - 9.759 ms[39m
[35m[39m
2024-06-28 23:15:44:1544 [32minfo[39m: [32m{[39m
[32m  APP_BASE_URL: '/user/api/v1',[39m
[32m  ENV: 'development',[39m
[32m  APP_PORT: '5002',[39m
[32m  SERVER_KEY: 'userServiceKey',[39m
[32m  POSTGRES_URL: 'postgresql://postgres:Phamluu2003.@localhost:5432/social_media?schema=public',[39m
[32m  SALTROUND: '10'[39m
[32m}[39m
2024-06-28 23:23:42:2342 [32minfo[39m: [32m{[39m
[32m  APP_BASE_URL: '/user/api/v1',[39m
[32m  ENV: 'development',[39m
[32m  APP_PORT: '5002',[39m
[32m  SERVER_KEY: 'userServiceKey',[39m
[32m  POSTGRES_URL: 'postgresql://postgres:Phamluu2003.@localhost:5432/social_media?schema=public',[39m
[32m  SALTROUND: '10'[39m
[32m}[39m
2024-06-28 23:28:50:2850 [32minfo[39m: [32m{[39m
[32m  APP_BASE_URL: '/user/api/v1',[39m
[32m  ENV: 'development',[39m
[32m  APP_PORT: '5002',[39m
[32m  SERVER_KEY: 'userServiceKey',[39m
[32m  POSTGRES_URL: 'postgresql://postgres:Phamluu2003.@localhost:5432/social_media?schema=public',[39m
[32m  SALTROUND: '10'[39m
[32m}[39m
2024-06-29 09:46:22:4622 [32minfo[39m: [32m{[39m
[32m  APP_BASE_URL: '/user/api/v1',[39m
[32m  ENV: 'development',[39m
[32m  APP_PORT: '5002',[39m
[32m  SERVER_KEY: 'userServiceKey',[39m
[32m  POSTGRES_URL: 'postgresql://postgres:Phamluu2003.@localhost:5432/social_media?schema=public',[39m
[32m  SALTROUND: '10'[39m
[32m}[39m
2024-06-29 09:46:33:4633 [32minfo[39m: [32m{[39m
[32m  APP_BASE_URL: '/user/api/v1',[39m
[32m  ENV: 'development',[39m
[32m  APP_PORT: '5002',[39m
[32m  SERVER_KEY: 'userServiceKey',[39m
[32m  POSTGRES_URL: 'postgresql://postgres:Phamluu2003.@localhost:5432/social_media?schema=public',[39m
[32m  SALTROUND: '10'[39m
[32m}[39m
2024-06-29 09:46:41:4641 [32minfo[39m: [32m{[39m
[32m  APP_BASE_URL: '/user/api/v1',[39m
[32m  ENV: 'development',[39m
[32m  APP_PORT: '5002',[39m
[32m  SERVER_KEY: 'userServiceKey',[39m
[32m  POSTGRES_URL: 'postgresql://postgres:Phamluu2003.@localhost:5432/social_media?schema=public',[39m
[32m  SALTROUND: '10'[39m
[32m}[39m
2024-06-29 09:50:30:5030 [32minfo[39m: [32m{[39m
[32m  APP_BASE_URL: '/user/api/v1',[39m
[32m  ENV: 'development',[39m
[32m  APP_PORT: '5002',[39m
[32m  SERVER_KEY: 'userServiceKey',[39m
[32m  POSTGRES_URL: 'postgresql://postgres:Phamluu2003.@localhost:5432/social_media?schema=public',[39m
[32m  SALTROUND: '10'[39m
[32m}[39m
2024-06-29 09:52:35:5235 [32minfo[39m: [32m{[39m
[32m  APP_BASE_URL: '/user/api/v1',[39m
[32m  ENV: 'development',[39m
[32m  APP_PORT: '5002',[39m
[32m  SERVER_KEY: 'userServiceKey',[39m
[32m  POSTGRES_URL: 'postgresql://postgres:Phamluu2003.@localhost:5432/social_media?schema=public',[39m
[32m  SALTROUND: '10'[39m
[32m}[39m
2024-06-30 14:07:42:742 [32minfo[39m: [32m{[39m
[32m  APP_BASE_URL: '/user/api/v1',[39m
[32m  ENV: 'development',[39m
[32m  APP_PORT: '5002',[39m
[32m  SERVER_KEY: 'userServiceKey',[39m
[32m  POSTGRES_URL: 'postgresql://postgres:Phamluu2003.@localhost:5432/social_media?schema=public',[39m
[32m  SALTROUND: '10'[39m
[32m}[39m
2024-06-30 14:09:20:920 [31merror[39m: [31m[31merror[31m[39m
2024-06-30 14:09:25:925 [35mhttp[39m: [35mPOST /user/api/v1/users/create-new-user - - - - ms[39m
[35m[39m
2024-06-30 14:10:20:1020 [31merror[39m: [31m[31merror[31m[39m
2024-06-30 14:10:36:1036 [35mhttp[39m: [35mPOST /user/api/v1/users/create-new-user - - - - ms[39m
[35m[39m
2024-06-30 14:11:05:115 [32minfo[39m: [32m{[39m
[32m  APP_BASE_URL: '/user/api/v1',[39m
[32m  ENV: 'development',[39m
[32m  APP_PORT: '5002',[39m
[32m  SERVER_KEY: 'userServiceKey',[39m
[32m  POSTGRES_URL: 'postgresql://postgres:Phamluu2003.@localhost:5432/social_media?schema=public',[39m
[32m  SALTROUND: '10'[39m
[32m}[39m
2024-06-30 14:11:06:116 [31merror[39m: [31m[31merror[31m[39m
2024-06-30 14:11:07:117 [35mhttp[39m: [35mPOST /user/api/v1/users/create-new-user - - - - ms[39m
[35m[39m
2024-06-30 14:11:09:119 [31merror[39m: [31m[31merror[31m[39m
2024-06-30 14:11:10:1110 [35mhttp[39m: [35mPOST /user/api/v1/users/create-new-user - - - - ms[39m
[35m[39m
2024-06-30 14:12:11:1211 [31merror[39m: [31m[31merror[31m[39m
2024-06-30 14:12:29:1229 [35mhttp[39m: [35mPOST /user/api/v1/users/create-new-user - - - - ms[39m
[35m[39m
2024-06-30 14:13:34:1334 [32minfo[39m: [32m{[39m
[32m  APP_BASE_URL: '/user/api/v1',[39m
[32m  ENV: 'development',[39m
[32m  APP_PORT: '5002',[39m
[32m  SERVER_KEY: 'userServiceKey',[39m
[32m  POSTGRES_URL: 'postgresql://postgres:Phamluu2003.@localhost:5432/social_media?schema=public',[39m
[32m  SALTROUND: '10'[39m
[32m}[39m
2024-06-30 14:13:36:1336 [31merror[39m: [31m[31merror[31m[39m
2024-06-30 14:13:47:1347 [35mhttp[39m: [35mPOST /user/api/v1/users/create-new-user - - - - ms[39m
[35m[39m
2024-06-30 14:14:14:1414 [32minfo[39m: [32m{[39m
[32m  APP_BASE_URL: '/user/api/v1',[39m
[32m  ENV: 'development',[39m
[32m  APP_PORT: '5002',[39m
[32m  SERVER_KEY: 'userServiceKey',[39m
[32m  POSTGRES_URL: 'postgresql://postgres:Phamluu2003.@localhost:5432/social_media?schema=public',[39m
[32m  SALTROUND: '10'[39m
[32m}[39m
2024-06-30 14:14:20:1420 [32minfo[39m: [32m{[39m
[32m  APP_BASE_URL: '/user/api/v1',[39m
[32m  ENV: 'development',[39m
[32m  APP_PORT: '5002',[39m
[32m  SERVER_KEY: 'userServiceKey',[39m
[32m  POSTGRES_URL: 'postgresql://postgres:Phamluu2003.@localhost:5432/social_media?schema=public',[39m
[32m  SALTROUND: '10'[39m
[32m}[39m
2024-06-30 14:15:00:150 [32minfo[39m: [32m{[39m
[32m  APP_BASE_URL: '/user/api/v1',[39m
[32m  ENV: 'development',[39m
[32m  APP_PORT: '5002',[39m
[32m  SERVER_KEY: 'userServiceKey',[39m
[32m  POSTGRES_URL: 'postgresql://postgres:Phamluu2003.@localhost:5432/social_media?schema=public',[39m
[32m  SALTROUND: '10'[39m
[32m}[39m
2024-06-30 14:15:27:1527 [32minfo[39m: [32m{[39m
[32m  APP_BASE_URL: '/user/api/v1',[39m
[32m  ENV: 'development',[39m
[32m  APP_PORT: '5002',[39m
[32m  SERVER_KEY: 'userServiceKey',[39m
[32m  POSTGRES_URL: 'postgresql://postgres:Phamluu2003.@localhost:5432/social_media?schema=public',[39m
[32m  SALTROUND: '10'[39m
[32m}[39m
2024-06-30 14:15:43:1543 [32minfo[39m: [32m{[39m
[32m  APP_BASE_URL: '/user/api/v1',[39m
[32m  ENV: 'development',[39m
[32m  APP_PORT: '5002',[39m
[32m  SERVER_KEY: 'userServiceKey',[39m
[32m  POSTGRES_URL: 'postgresql://postgres:Phamluu2003.@localhost:5432/social_media?schema=public',[39m
[32m  SALTROUND: '10'[39m
[32m}[39m
2024-06-30 14:16:17:1617 [32minfo[39m: [32m{[39m
[32m  APP_BASE_URL: '/user/api/v1',[39m
[32m  ENV: 'development',[39m
[32m  APP_PORT: '5002',[39m
[32m  SERVER_KEY: 'userServiceKey',[39m
[32m  POSTGRES_URL: 'postgresql://postgres:Phamluu2003.@localhost:5432/social_media?schema=public',[39m
[32m  SALTROUND: '10'[39m
[32m}[39m
2024-06-30 14:16:18:1618 [35mhttp[39m: [35mPOST /user/api/v1/users/create-new-user 200 62 - 8.216 ms[39m
[35m[39m
2024-06-30 14:27:13:2713 [35mhttp[39m: [35mPOST /user/api/v1/users/create-new-user 200 48 - 1.532 ms[39m
[35m[39m
2024-06-30 14:31:53:3153 [32minfo[39m: [32m{[39m
[32m  APP_BASE_URL: '/user/api/v1',[39m
[32m  ENV: 'development',[39m
[32m  APP_PORT: '5002',[39m
[32m  SERVER_KEY: 'userServiceKey',[39m
[32m  POSTGRES_URL: 'postgresql://postgres:Phamluu2003.@localhost:5432/social_media?schema=public',[39m
[32m  SALTROUND: '10'[39m
[32m}[39m
2024-06-30 14:31:58:3158 [32minfo[39m: [32m{[39m
[32m  APP_BASE_URL: '/user/api/v1',[39m
[32m  ENV: 'development',[39m
[32m  APP_PORT: '5002',[39m
[32m  SERVER_KEY: 'userServiceKey',[39m
[32m  POSTGRES_URL: 'postgresql://postgres:Phamluu2003.@localhost:5432/social_media?schema=public',[39m
[32m  SALTROUND: '10'[39m
[32m}[39m
2024-06-30 14:32:01:321 [31merror[39m: [31m[39m
[31mInvalid `prisma.user.findFirst()` invocation in[39m
[31m/mnt/pdluu/myuserhome/project/web-app-project/chat-app/back-end/user_service/src/controller/user.controller.ts:72:27[39m

[31m  69 [39m
[31m  70 // * find if user is already existing[39m
[31m  71 if ([39m
[31m→ 72   await prisma.user.findFirst([39m
[31mCan't reach database server at `localhost`:`5432`[39m

[31mPlease make sure your database server is running at `localhost`:`5432`.[39m
2024-06-30 14:32:01:321 [35mhttp[39m: [35mPOST /user/api/v1/users/create-new-user 200 52 - 146.554 ms[39m
[35m[39m
2024-06-30 14:33:23:3323 [31merror[39m: [31mInvalid salt. Salt must be in the form of: $Vers$log2(NumRounds)$saltvalue[39m
2024-06-30 14:33:23:3323 [35mhttp[39m: [35mPOST /user/api/v1/users/create-new-user 200 52 - 160.245 ms[39m
[35m[39m
2024-06-30 14:34:04:344 [32minfo[39m: [32m{[39m
[32m  APP_BASE_URL: '/user/api/v1',[39m
[32m  ENV: 'development',[39m
[32m  APP_PORT: '5002',[39m
[32m  SERVER_KEY: 'userServiceKey',[39m
[32m  POSTGRES_URL: 'postgresql://postgres:Phamluu2003.@localhost:5432/social_media?schema=public',[39m
[32m  SALTROUND: '10'[39m
[32m}[39m
2024-06-30 14:34:06:346 [31merror[39m: [31mInvalid salt. Salt must be in the form of: $Vers$log2(NumRounds)$saltvalue[39m
2024-06-30 14:34:06:346 [35mhttp[39m: [35mPOST /user/api/v1/users/create-new-user 200 52 - 76.706 ms[39m
[35m[39m
2024-06-30 14:34:52:3452 [32minfo[39m: [32m{[39m
[32m  APP_BASE_URL: '/user/api/v1',[39m
[32m  ENV: 'development',[39m
[32m  APP_PORT: '5002',[39m
[32m  SERVER_KEY: 'userServiceKey',[39m
[32m  POSTGRES_URL: 'postgresql://postgres:Phamluu2003.@localhost:5432/social_media?schema=public',[39m
[32m  SALTROUND: '10'[39m
[32m}[39m
2024-06-30 14:35:14:3514 [32minfo[39m: [32m{[39m
[32m  APP_BASE_URL: '/user/api/v1',[39m
[32m  ENV: 'development',[39m
[32m  APP_PORT: '5002',[39m
[32m  SERVER_KEY: 'userServiceKey',[39m
[32m  POSTGRES_URL: 'postgresql://postgres:Phamluu2003.@localhost:5432/social_media?schema=public',[39m
[32m  SALTROUND: '10'[39m
[32m}[39m
2024-06-30 14:35:16:3516 [31merror[39m: [31mInvalid salt. Salt must be in the form of: $Vers$log2(NumRounds)$saltvalue[39m
2024-06-30 14:35:16:3516 [35mhttp[39m: [35mPOST /user/api/v1/users/create-new-user 200 52 - 67.929 ms[39m
[35m[39m
2024-06-30 14:36:46:3646 [32minfo[39m: [32m{[39m
[32m  APP_BASE_URL: '/user/api/v1',[39m
[32m  ENV: 'development',[39m
[32m  APP_PORT: '5002',[39m
[32m  SERVER_KEY: 'userServiceKey',[39m
[32m  POSTGRES_URL: 'postgresql://postgres:Phamluu2003.@localhost:5432/social_media?schema=public',[39m
[32m  SALTROUND: '10'[39m
[32m}[39m
2024-06-30 14:37:37:3737 [32minfo[39m: [32m{[39m
[32m  APP_BASE_URL: '/user/api/v1',[39m
[32m  ENV: 'development',[39m
[32m  APP_PORT: '5002',[39m
[32m  SERVER_KEY: 'userServiceKey',[39m
[32m  POSTGRES_URL: 'postgresql://postgres:Phamluu2003.@localhost:5432/social_media?schema=public',[39m
[32m  SALTROUND: '10'[39m
[32m}[39m
2024-06-30 14:37:39:3739 [35mhttp[39m: [35mPOST /user/api/v1/users/create-new-user 200 124 - 150.320 ms[39m
[35m[39m
2024-06-30 14:37:43:3743 [35mhttp[39m: [35mPOST /user/api/v1/users/create-new-user 200 68 - 2.751 ms[39m
[35m[39m
2024-06-30 14:37:50:3750 [35mhttp[39m: [35mPOST /user/api/v1/users/create-new-user 200 68 - 2.286 ms[39m
[35m[39m
2024-06-30 14:38:21:3821 [32minfo[39m: [32m{[39m
[32m  APP_BASE_URL: '/user/api/v1',[39m
[32m  ENV: 'development',[39m
[32m  APP_PORT: '5002',[39m
[32m  SERVER_KEY: 'userServiceKey',[39m
[32m  POSTGRES_URL: 'postgresql://postgres:Phamluu2003.@localhost:5432/social_media?schema=public',[39m
[32m  SALTROUND: '10'[39m
[32m}[39m
2024-07-01 09:52:13:5213 [32minfo[39m: [32m{[39m
[32m  APP_BASE_URL: '/user/api/v1',[39m
[32m  ENV: 'development',[39m
[32m  APP_PORT: '5002',[39m
[32m  SERVER_KEY: 'userServiceKey',[39m
[32m  POSTGRES_URL: 'postgresql://postgres:Phamluu2003.@localhost:5432/social_media?schema=public',[39m
[32m  SALTROUND: '10'[39m
[32m}[39m
2024-07-01 09:53:26:5326 [35mhttp[39m: [35mPOST /user/api/v1/users/create-new-user 200 68 - 83.434 ms[39m
[35m[39m
2024-07-01 09:53:57:5357 [35mhttp[39m: [35mPOST /authentication/api/v1/generate-token 200 60 - 0.953 ms[39m
[35m[39m
2024-07-01 10:05:43:543 [35mhttp[39m: [35mPOST /user/api/v1/users/create-new-user 200 60 - 0.720 ms[39m
[35m[39m
2024-07-01 10:08:53:853 [35mhttp[39m: [35mPOST /user/api/v1/users/create-new-user 200 60 - 0.739 ms[39m
[35m[39m
2024-07-01 10:10:57:1057 [35mhttp[39m: [35mPOST /user/api/v1/users/create-new-user 200 60 - 1.480 ms[39m
[35m[39m
2024-07-01 10:14:50:1450 [35mhttp[39m: [35mPOST /user/api/v1/users/create-new-user 200 47 - 2.515 ms[39m
[35m[39m
2024-07-01 10:14:53:1453 [35mhttp[39m: [35mPOST /user/api/v1/users/create-new-user 200 47 - 1.305 ms[39m
[35m[39m
2024-07-01 10:16:09:169 [35mhttp[39m: [35mPOST /user/api/v1/users/create-new-user 200 47 - 1.046 ms[39m
[35m[39m
2024-07-01 10:16:43:1643 [35mhttp[39m: [35mPOST /user/api/v1/users/create-new-user 200 47 - 1.193 ms[39m
[35m[39m
2024-07-01 10:18:01:181 [35mhttp[39m: [35mPOST /user/api/v1/users/create-new-user 200 47 - 1.608 ms[39m
[35m[39m
2024-07-01 10:20:10:2010 [32minfo[39m: [32m{[39m
[32m  APP_BASE_URL: '/user/api/v1',[39m
[32m  ENV: 'development',[39m
[32m  APP_PORT: '5002',[39m
[32m  SERVER_KEY: 'userServiceKey',[39m
[32m  POSTGRES_URL: 'postgresql://postgres:Phamluu2003.@localhost:5432/social_media?schema=public',[39m
[32m  SALTROUND: '10'[39m
[32m}[39m
2024-07-01 10:20:22:2022 [32minfo[39m: [32m{[39m
[32m  APP_BASE_URL: '/user/api/v1',[39m
[32m  ENV: 'development',[39m
[32m  APP_PORT: '5002',[39m
[32m  SERVER_KEY: 'userServiceKey',[39m
[32m  POSTGRES_URL: 'postgresql://postgres:Phamluu2003.@localhost:5432/social_media?schema=public',[39m
[32m  SALTROUND: '10'[39m
[32m}[39m
2024-07-01 10:23:01:231 [32minfo[39m: [32m{[39m
[32m  APP_BASE_URL: '/user/api/v1',[39m
[32m  ENV: 'development',[39m
[32m  APP_PORT: '5002',[39m
[32m  SERVER_KEY: 'userServiceKey',[39m
[32m  POSTGRES_URL: 'postgresql://postgres:Phamluu2003.@localhost:5432/social_media?schema=public',[39m
[32m  SALTROUND: '10'[39m
[32m}[39m
2024-07-01 10:43:51:4351 [32minfo[39m: [32m{[39m
[32m  APP_BASE_URL: '/user/api/v1',[39m
[32m  ENV: 'development',[39m
[32m  APP_PORT: '5002',[39m
[32m  SERVER_KEY: 'userServiceKey',[39m
[32m  POSTGRES_URL: 'postgresql://postgres:Phamluu2003.@localhost:5432/social_media?schema=public',[39m
[32m  SALTROUND: '10'[39m
[32m}[39m
2024-07-01 10:45:38:4538 [32minfo[39m: [32m{[39m
[32m  APP_BASE_URL: '/user/api/v1',[39m
[32m  ENV: 'development',[39m
[32m  APP_PORT: '5002',[39m
[32m  SERVER_KEY: 'userServiceKey',[39m
[32m  POSTGRES_URL: 'postgresql://postgres:Phamluu2003.@localhost:5432/social_media?schema=public',[39m
[32m  SALTROUND: '10'[39m
[32m}[39m
2024-07-01 10:46:14:4614 [32minfo[39m: [32m{[39m
[32m  APP_BASE_URL: '/user/api/v1',[39m
[32m  ENV: 'development',[39m
[32m  APP_PORT: '5002',[39m
[32m  SERVER_KEY: 'userServiceKey',[39m
[32m  POSTGRES_URL: 'postgresql://postgres:Phamluu2003.@localhost:5432/social_media?schema=public',[39m
[32m  SALTROUND: '10'[39m
[32m}[39m
2024-07-01 10:46:22:4622 [32minfo[39m: [32m{[39m
[32m  APP_BASE_URL: '/user/api/v1',[39m
[32m  ENV: 'development',[39m
[32m  APP_PORT: '5002',[39m
[32m  SERVER_KEY: 'userServiceKey',[39m
[32m  POSTGRES_URL: 'postgresql://postgres:Phamluu2003.@localhost:5432/social_media?schema=public',[39m
[32m  SALTROUND: '10'[39m
[32m}[39m
2024-07-01 10:47:45:4745 [32minfo[39m: [32m{[39m
[32m  APP_BASE_URL: '/user/api/v1',[39m
[32m  ENV: 'development',[39m
[32m  APP_PORT: '5002',[39m
[32m  SERVER_KEY: 'userServiceKey',[39m
[32m  POSTGRES_URL: 'postgresql://postgres:Phamluu2003.@localhost:5432/social_media?schema=public',[39m
[32m  SALTROUND: '10'[39m
[32m}[39m
2024-07-01 10:50:03:503 [32minfo[39m: [32m{[39m
[32m  APP_BASE_URL: '/user/api/v1',[39m
[32m  ENV: 'development',[39m
[32m  APP_PORT: '5002',[39m
[32m  SERVER_KEY: 'userServiceKey',[39m
[32m  POSTGRES_URL: 'postgresql://postgres:Phamluu2003.@localhost:5432/social_media?schema=public',[39m
[32m  SALTROUND: '10'[39m
[32m}[39m
2024-07-01 10:50:18:5018 [32minfo[39m: [32m{[39m
[32m  APP_BASE_URL: '/user/api/v1',[39m
[32m  ENV: 'development',[39m
[32m  APP_PORT: '5002',[39m
[32m  SERVER_KEY: 'userServiceKey',[39m
[32m  POSTGRES_URL: 'postgresql://postgres:Phamluu2003.@localhost:5432/social_media?schema=public',[39m
[32m  SALTROUND: '10'[39m
[32m}[39m
2024-07-01 10:51:55:5155 [32minfo[39m: [32m{[39m
[32m  APP_BASE_URL: '/user/api/v1',[39m
[32m  ENV: 'development',[39m
[32m  APP_PORT: '5002',[39m
[32m  SERVER_KEY: 'userServiceKey',[39m
[32m  POSTGRES_URL: 'postgresql://postgres:Phamluu2003.@localhost:5432/social_media?schema=public',[39m
[32m  SALTROUND: '10'[39m
[32m}[39m
2024-07-01 10:52:22:5222 [32minfo[39m: [32m{[39m
[32m  APP_BASE_URL: '/user/api/v1',[39m
[32m  ENV: 'development',[39m
[32m  APP_PORT: '5002',[39m
[32m  SERVER_KEY: 'userServiceKey',[39m
[32m  POSTGRES_URL: 'postgresql://postgres:Phamluu2003.@localhost:5432/social_media?schema=public',[39m
[32m  SALTROUND: '10'[39m
[32m}[39m
2024-07-01 10:52:28:5228 [32minfo[39m: [32m{[39m
[32m  APP_BASE_URL: '/user/api/v1',[39m
[32m  ENV: 'development',[39m
[32m  APP_PORT: '5002',[39m
[32m  SERVER_KEY: 'userServiceKey',[39m
[32m  POSTGRES_URL: 'postgresql://postgres:Phamluu2003.@localhost:5432/social_media?schema=public',[39m
[32m  SALTROUND: '10'[39m
[32m}[39m
2024-07-01 10:53:32:5332 [32minfo[39m: [32m{[39m
[32m  APP_BASE_URL: '/user/api/v1',[39m
[32m  ENV: 'development',[39m
[32m  APP_PORT: '5002',[39m
[32m  SERVER_KEY: 'userServiceKey',[39m
[32m  POSTGRES_URL: 'postgresql://postgres:Phamluu2003.@localhost:5432/social_media?schema=public',[39m
[32m  SALTROUND: '10'[39m
[32m}[39m
2024-07-01 10:54:24:5424 [32minfo[39m: [32m{[39m
[32m  APP_BASE_URL: '/user/api/v1',[39m
[32m  ENV: 'development',[39m
[32m  APP_PORT: '5002',[39m
[32m  SERVER_KEY: 'userServiceKey',[39m
[32m  POSTGRES_URL: 'postgresql://postgres:Phamluu2003.@localhost:5432/social_media?schema=public',[39m
[32m  SALTROUND: '10'[39m
[32m}[39m
2024-07-01 10:54:29:5429 [32minfo[39m: [32m{[39m
[32m  APP_BASE_URL: '/user/api/v1',[39m
[32m  ENV: 'development',[39m
[32m  APP_PORT: '5002',[39m
[32m  SERVER_KEY: 'userServiceKey',[39m
[32m  POSTGRES_URL: 'postgresql://postgres:Phamluu2003.@localhost:5432/social_media?schema=public',[39m
[32m  SALTROUND: '10'[39m
[32m}[39m
2024-07-01 10:54:32:5432 [32minfo[39m: [32m{[39m
[32m  APP_BASE_URL: '/user/api/v1',[39m
[32m  ENV: 'development',[39m
[32m  APP_PORT: '5002',[39m
[32m  SERVER_KEY: 'userServiceKey',[39m
[32m  POSTGRES_URL: 'postgresql://postgres:Phamluu2003.@localhost:5432/social_media?schema=public',[39m
[32m  SALTROUND: '10'[39m
[32m}[39m
2024-07-01 10:56:13:5613 [32minfo[39m: [32m{[39m
[32m  APP_BASE_URL: '/user/api/v1',[39m
[32m  ENV: 'development',[39m
[32m  APP_PORT: '5002',[39m
[32m  SERVER_KEY: 'userServiceKey',[39m
[32m  POSTGRES_URL: 'postgresql://postgres:Phamluu2003.@localhost:5432/social_media?schema=public',[39m
[32m  SALTROUND: '10'[39m
[32m}[39m
2024-07-01 10:56:50:5650 [32minfo[39m: [32m{[39m
[32m  APP_BASE_URL: '/user/api/v1',[39m
[32m  ENV: 'development',[39m
[32m  APP_PORT: '5002',[39m
[32m  SERVER_KEY: 'userServiceKey',[39m
[32m  POSTGRES_URL: 'postgresql://postgres:Phamluu2003.@localhost:5432/social_media?schema=public',[39m
[32m  SALTROUND: '10'[39m
[32m}[39m
2024-07-01 10:57:19:5719 [32minfo[39m: [32m{[39m
[32m  APP_BASE_URL: '/user/api/v1',[39m
[32m  ENV: 'development',[39m
[32m  APP_PORT: '5002',[39m
[32m  SERVER_KEY: 'userServiceKey',[39m
[32m  POSTGRES_URL: 'postgresql://postgres:Phamluu2003.@localhost:5432/social_media?schema=public',[39m
[32m  SALTROUND: '10'[39m
[32m}[39m
2024-07-01 10:58:18:5818 [32minfo[39m: [32m{[39m
[32m  APP_BASE_URL: '/user/api/v1',[39m
[32m  ENV: 'development',[39m
[32m  APP_PORT: '5002',[39m
[32m  SERVER_KEY: 'userServiceKey',[39m
[32m  POSTGRES_URL: 'postgresql://postgres:Phamluu2003.@localhost:5432/social_media?schema=public',[39m
[32m  SALTROUND: '10'[39m
[32m}[39m
2024-07-01 10:58:47:5847 [32minfo[39m: [32m{[39m
[32m  APP_BASE_URL: '/user/api/v1',[39m
[32m  ENV: 'development',[39m
[32m  APP_PORT: '5002',[39m
[32m  SERVER_KEY: 'userServiceKey',[39m
[32m  POSTGRES_URL: 'postgresql://postgres:Phamluu2003.@localhost:5432/social_media?schema=public',[39m
[32m  SALTROUND: '10'[39m
[32m}[39m
2024-07-01 10:59:27:5927 [32minfo[39m: [32m{[39m
[32m  APP_BASE_URL: '/user/api/v1',[39m
[32m  ENV: 'development',[39m
[32m  APP_PORT: '5002',[39m
[32m  SERVER_KEY: 'userServiceKey',[39m
[32m  POSTGRES_URL: 'postgresql://postgres:Phamluu2003.@localhost:5432/social_media?schema=public',[39m
[32m  SALTROUND: '10'[39m
[32m}[39m
2024-07-01 10:59:39:5939 [32minfo[39m: [32m{[39m
[32m  APP_BASE_URL: '/user/api/v1',[39m
[32m  ENV: 'development',[39m
[32m  APP_PORT: '5002',[39m
[32m  SERVER_KEY: 'userServiceKey',[39m
[32m  POSTGRES_URL: 'postgresql://postgres:Phamluu2003.@localhost:5432/social_media?schema=public',[39m
[32m  SALTROUND: '10'[39m
[32m}[39m
2024-07-01 10:59:53:5953 [32minfo[39m: [32m{[39m
[32m  APP_BASE_URL: '/user/api/v1',[39m
[32m  ENV: 'development',[39m
[32m  APP_PORT: '5002',[39m
[32m  SERVER_KEY: 'userServiceKey',[39m
[32m  POSTGRES_URL: 'postgresql://postgres:Phamluu2003.@localhost:5432/social_media?schema=public',[39m
[32m  SALTROUND: '10'[39m
[32m}[39m
2024-07-01 11:00:07:07 [32minfo[39m: [32m{[39m
[32m  APP_BASE_URL: '/user/api/v1',[39m
[32m  ENV: 'development',[39m
[32m  APP_PORT: '5002',[39m
[32m  SERVER_KEY: 'userServiceKey',[39m
[32m  POSTGRES_URL: 'postgresql://postgres:Phamluu2003.@localhost:5432/social_media?schema=public',[39m
[32m  SALTROUND: '10'[39m
[32m}[39m
2024-07-01 11:00:42:042 [32minfo[39m: [32m{[39m
[32m  APP_BASE_URL: '/user/api/v1',[39m
[32m  ENV: 'development',[39m
[32m  APP_PORT: '5002',[39m
[32m  SERVER_KEY: 'userServiceKey',[39m
[32m  POSTGRES_URL: 'postgresql://postgres:Phamluu2003.@localhost:5432/social_media?schema=public',[39m
[32m  SALTROUND: '10'[39m
[32m}[39m
2024-07-01 11:00:46:046 [35mhttp[39m: [35mPOST /user/api/v1/users/create-new-user 400 47 - 15.566 ms[39m
[35m[39m
2024-07-01 11:01:05:15 [35mhttp[39m: [35mPOST /user/api/v1/users/create-new-user 400 47 - 1.280 ms[39m
[35m[39m
2024-07-01 11:01:29:129 [35mhttp[39m: [35mPOST /user/api/v1/users/create-new-user 400 47 - 1.276 ms[39m
[35m[39m
2024-07-01 11:01:42:142 [35mhttp[39m: [35mPOST /user/api/v1/users/create-new-user 400 47 - 1.885 ms[39m
[35m[39m
2024-07-01 11:01:48:148 [35mhttp[39m: [35mPOST /user/api/v1/users/create-new-user 400 47 - 1.633 ms[39m
[35m[39m
2024-07-01 11:01:56:156 [35mhttp[39m: [35mPOST /user/api/v1/users/create-new-user 400 47 - 1.558 ms[39m
[35m[39m
2024-07-01 11:02:24:224 [35mhttp[39m: [35mPOST /user/api/v1/users/create-new-user 400 47 - 1.255 ms[39m
[35m[39m
2024-07-01 11:02:31:231 [35mhttp[39m: [35mPOST /user/api/v1/users/create-new-user 400 47 - 1.059 ms[39m
[35m[39m
2024-07-01 11:02:33:233 [35mhttp[39m: [35mPOST /user/api/v1/users/create-new-user 400 47 - 1.515 ms[39m
[35m[39m
2024-07-01 11:07:10:710 [35mhttp[39m: [35mPOST /user/api/v1/users/create-new-user 400 47 - 1.088 ms[39m
[35m[39m
2024-07-01 11:07:50:750 [35mhttp[39m: [35mPOST /user/api/v1/users/create-new-user 400 47 - 0.855 ms[39m
[35m[39m
2024-07-01 11:13:35:1335 [35mhttp[39m: [35mPOST /user/api/v1/users/create-new-user 400 47 - 1.005 ms[39m
[35m[39m
2024-07-01 11:13:45:1345 [35mhttp[39m: [35mPOST /user/api/v1/users/create-new-user 400 47 - 0.782 ms[39m
[35m[39m
2024-07-01 11:14:04:144 [35mhttp[39m: [35mPOST /user/api/v1/users/create-new-user 400 47 - 1.091 ms[39m
[35m[39m
2024-07-01 11:14:06:146 [35mhttp[39m: [35mPOST /user/api/v1/users/create-new-user 400 47 - 1.116 ms[39m
[35m[39m
2024-07-01 11:14:15:1415 [35mhttp[39m: [35mPOST /user/api/v1/users/create-new-user 400 47 - 0.769 ms[39m
[35m[39m
2024-07-01 11:14:16:1416 [35mhttp[39m: [35mPOST /user/api/v1/users/create-new-user 400 47 - 0.727 ms[39m
[35m[39m
2024-07-01 11:14:45:1445 [35mhttp[39m: [35mPOST /user/api/v1/users/create-new-user 400 47 - 1.348 ms[39m
[35m[39m
2024-07-01 11:16:39:1639 [35mhttp[39m: [35mPOST /user/api/v1/users/create-new-user 400 47 - 0.690 ms[39m
[35m[39m
2024-07-01 11:16:53:1653 [35mhttp[39m: [35mPOST /user/api/v1/users/create-new-user 400 47 - 0.853 ms[39m
[35m[39m
2024-07-01 11:17:13:1713 [35mhttp[39m: [35mPOST /user/api/v1/users/create-new-user 400 47 - 0.682 ms[39m
[35m[39m
2024-07-01 11:17:49:1749 [35mhttp[39m: [35mPOST /user/api/v1/users/create-new-user 400 47 - 1.376 ms[39m
[35m[39m
2024-07-01 11:17:58:1758 [35mhttp[39m: [35mPOST /user/api/v1/users/create-new-user 400 47 - 0.994 ms[39m
[35m[39m
2024-07-01 11:18:15:1815 [35mhttp[39m: [35mPOST /user/api/v1/users/create-new-user 400 47 - 0.601 ms[39m
[35m[39m
2024-07-01 11:52:15:5215 [35mhttp[39m: [35mPOST /user/api/v1/users/create-new-user 400 47 - 0.742 ms[39m
[35m[39m
2024-07-01 11:59:16:5916 [35mhttp[39m: [35mPOST /user/api/v1/users/create-new-user 400 47 - 1.187 ms[39m
[35m[39m
2024-07-01 11:59:32:5932 [35mhttp[39m: [35mPOST /user/api/v1/users/create-new-user 400 47 - 0.613 ms[39m
[35m[39m
2024-07-01 11:59:54:5954 [35mhttp[39m: [35mPOST /user/api/v1/users/create-new-user 400 47 - 0.484 ms[39m
[35m[39m
2024-07-01 12:00:37:037 [35mhttp[39m: [35mPOST /user/api/v1/users/create-new-user 400 47 - 0.610 ms[39m
[35m[39m
2024-07-01 12:01:24:124 [35mhttp[39m: [35mPOST /user/api/v1/users/create-new-user 400 47 - 1.228 ms[39m
[35m[39m
2024-07-01 12:03:00:30 [35mhttp[39m: [35mPOST /user/api/v1/users/create-new-user 400 47 - 1.116 ms[39m
[35m[39m
2024-07-01 12:03:19:319 [35mhttp[39m: [35mPOST /user/api/v1/users/create-new-user 400 47 - 0.654 ms[39m
[35m[39m
2024-07-01 12:03:44:344 [35mhttp[39m: [35mPOST /user/api/v1/users/create-new-user 400 47 - 0.722 ms[39m
[35m[39m
2024-07-01 12:04:00:40 [35mhttp[39m: [35mPOST /user/api/v1/users/create-new-user 400 47 - 0.694 ms[39m
[35m[39m
2024-07-01 12:04:29:429 [35mhttp[39m: [35mPOST /user/api/v1/users/create-new-user 400 47 - 0.611 ms[39m
[35m[39m
2024-07-01 12:04:31:431 [35mhttp[39m: [35mPOST /user/api/v1/users/create-new-user 400 47 - 0.554 ms[39m
[35m[39m
2024-07-01 12:05:15:515 [35mhttp[39m: [35mPOST /user/api/v1/users/create-new-user 200 111 - 152.678 ms[39m
[35m[39m
2024-07-01 12:07:52:752 [35mhttp[39m: [35mPOST /user/api/v1/users/create-new-user 200 107 - 84.954 ms[39m
[35m[39m
2024-07-01 12:13:01:131 [32minfo[39m: [32m{[39m
[32m  APP_BASE_URL: '/user/api/v1',[39m
[32m  ENV: 'development',[39m
[32m  APP_PORT: '5002',[39m
[32m  SERVER_KEY: 'userServiceKey',[39m
[32m  POSTGRES_URL: 'postgresql://postgres:Phamluu2003.@localhost:5432/social_media?schema=public',[39m
[32m  SALTROUND: '10'[39m
[32m}[39m
2024-07-01 12:20:57:2057 [35mhttp[39m: [35mPOST /user/api/v1/users/create-new-user 200 112 - 173.340 ms[39m
[35m[39m
2024-07-01 12:22:02:222 [35mhttp[39m: [35mPOST /user/api/v1/users/create-new-user 200 117 - 77.841 ms[39m
[35m[39m
2024-07-01 12:22:55:2255 [35mhttp[39m: [35mPOST /user/api/v1/users/create-new-user 200 121 - 73.496 ms[39m
[35m[39m
2024-07-01 12:22:56:2256 [35mhttp[39m: [35mPOST /user/api/v1/users/create-new-user 200 109 - 89.861 ms[39m
[35m[39m
2024-07-01 12:22:58:2258 [35mhttp[39m: [35mPOST /user/api/v1/users/create-new-user 200 111 - 72.751 ms[39m
[35m[39m
2024-07-01 12:22:59:2259 [35mhttp[39m: [35mPOST /user/api/v1/users/create-new-user 200 110 - 88.225 ms[39m
[35m[39m
2024-07-01 12:23:00:230 [35mhttp[39m: [35mPOST /user/api/v1/users/create-new-user 200 112 - 85.899 ms[39m
[35m[39m
2024-07-01 12:23:20:2320 [35mhttp[39m: [35mPOST /user/api/v1/users/create-new-user 200 103 - 96.563 ms[39m
[35m[39m
2024-07-01 12:24:17:2417 [35mhttp[39m: [35mPOST /user/api/v1/users/create-new-user 200 114 - 73.815 ms[39m
[35m[39m
2024-07-01 12:24:19:2419 [35mhttp[39m: [35mPOST /user/api/v1/users/create-new-user 200 100 - 77.392 ms[39m
[35m[39m
2024-07-01 12:24:21:2421 [35mhttp[39m: [35mPOST /user/api/v1/users/create-new-user 200 106 - 84.969 ms[39m
[35m[39m
2024-07-01 13:22:34:2234 [32minfo[39m: [32m{[39m
[32m  APP_BASE_URL: '/user/api/v1',[39m
[32m  ENV: 'development',[39m
[32m  APP_PORT: '5002',[39m
[32m  SERVER_KEY: 'userServiceKey',[39m
[32m  POSTGRES_URL: 'postgresql://postgres:Phamluu2003.@localhost:5432/social_media?schema=public',[39m
[32m  SALTROUND: '10'[39m
[32m}[39m
2024-07-01 13:24:26:2426 [32minfo[39m: [32m{[39m
[32m  APP_BASE_URL: '/user/api/v1',[39m
[32m  ENV: 'development',[39m
[32m  APP_PORT: '5002',[39m
[32m  SERVER_KEY: 'userServiceKey',[39m
[32m  POSTGRES_URL: 'postgresql://postgres:Phamluu2003.@localhost:5432/social_media?schema=public',[39m
[32m  SALTROUND: '10'[39m
[32m}[39m
2024-07-01 13:25:42:2542 [32minfo[39m: [32m{[39m
[32m  APP_BASE_URL: '/user/api/v1',[39m
[32m  ENV: 'development',[39m
[32m  APP_PORT: '5002',[39m
[32m  SERVER_KEY: 'userServiceKey',[39m
[32m  POSTGRES_URL: 'postgresql://postgres:Phamluu2003.@localhost:5432/social_media?schema=public',[39m
[32m  SALTROUND: '10'[39m
[32m}[39m
2024-07-01 13:27:23:2723 [32minfo[39m: [32m{[39m
[32m  APP_BASE_URL: '/user/api/v1',[39m
[32m  ENV: 'development',[39m
[32m  APP_PORT: '5002',[39m
[32m  SERVER_KEY: 'userServiceKey',[39m
[32m  POSTGRES_URL: 'postgresql://postgres:Phamluu2003.@localhost:5432/social_media?schema=public',[39m
[32m  SALTROUND: '10'[39m
[32m}[39m
2024-07-01 13:28:38:2838 [32minfo[39m: [32m{[39m
[32m  APP_BASE_URL: '/user/api/v1',[39m
[32m  ENV: 'development',[39m
[32m  APP_PORT: '5002',[39m
[32m  SERVER_KEY: 'userServiceKey',[39m
[32m  POSTGRES_URL: 'postgresql://postgres:Phamluu2003.@localhost:5432/social_media?schema=public',[39m
[32m  SALTROUND: '10'[39m
[32m}[39m
2024-07-01 14:00:35:035 [32minfo[39m: [32m{[39m
[32m  APP_BASE_URL: '/user/api/v1',[39m
[32m  ENV: 'development',[39m
[32m  APP_PORT: '5002',[39m
[32m  SERVER_KEY: 'userServiceKey',[39m
[32m  POSTGRES_URL: 'postgresql://postgres:Phamluu2003.@localhost:5432/social_media?schema=public',[39m
[32m  SALTROUND: '10'[39m
[32m}[39m
