2024-05-13 17:08:44:844 [31merror[39m: [31mNo metadata for "User" was found.[39m
2024-05-13 17:11:18:1118 [31merror[39m: [31mNo metadata for "User" was found.[39m
2024-05-13 17:12:16:1216 [31merror[39m: [31mNo metadata for "User" was found.[39m
2024-05-13 17:13:40:1340 [31merror[39m: [31mNo metadata for "User" was found.[39m
2024-05-13 17:14:26:1426 [31merror[39m: [31mNo metadata for "User" was found.[39m
2024-05-13 17:15:19:1519 [31merror[39m: [31mNo metadata for "User" was found.[39m
2024-05-13 17:15:50:1550 [31merror[39m: [31mNo metadata for "User" was found.[39m
2024-05-13 17:16:39:1639 [31merror[39m: [31mNo metadata for "User" was found.[39m
2024-05-13 17:17:19:1719 [31merror[39m: [31mNo metadata for "User" was found.[39m
2024-05-13 17:28:50:2850 [31merror[39m: [31mNo metadata for "User" was found.[39m
2024-05-13 17:41:39:4139 [31merror[39m: [31mNo metadata for "User" was found.[39m
2024-05-13 17:44:53:4453 [31merror[39m: [31mNo metadata for "User" was found.[39m
2024-05-13 17:44:56:4456 [31merror[39m: [31mNo metadata for "User" was found.[39m
2024-05-13 18:18:04:184 [31merror[39m: [31m[39m
[31mInvalid `prisma.user.update()` invocation in[39m
[31m/mnt/Luu1_drive/myuserhome/project/web-app-project/chat-app/back-end/user_service/src/services/user.service.ts:36:44[39m

[31m  33     options: string[] = [][39m
[31m  34 ) {[39m
[31m  35     try {[39m
[31m→ 36         const user = await prisma.user.update([39m
[31mThe table `public.User` does not exist in the current database.[39m
2024-05-13 18:19:15:1915 [31merror[39m: [31m[39m
[31mInvalid `prisma.user.update()` invocation in[39m
[31m/mnt/Luu1_drive/myuserhome/project/web-app-project/chat-app/back-end/user_service/src/services/user.service.ts:36:44[39m

[31m  33     options: string[] = [][39m
[31m  34 ) {[39m
[31m  35     try {[39m
[31m→ 36         const user = await prisma.user.update([39m
[31mAn operation failed because it depends on one or more records that were required but not found. Record to update not found.[39m
2024-05-13 18:45:20:4520 [31merror[39m: [31mInvalid login: 535 Authentication failed[39m
2024-05-13 18:45:20:4520 [31merror[39m: [31mBad request[39m
2024-05-13 18:46:09:469 [31merror[39m: [31mInvalid login: 535 Authentication failed[39m
2024-05-13 18:46:09:469 [31merror[39m: [31mBad request[39m
2024-05-13 18:47:40:4740 [31merror[39m: [31mInvalid login: 534-5.7.9 Application-specific password required. For more information, go to[39m
[31m534 5.7.9  https://support.google.com/mail/?p=InvalidSecondFactor d2e1a72fcca58-6f4d2b060f9sm7174541b3a.182 - gsmtp[39m
2024-05-13 18:47:40:4740 [31merror[39m: [31mBad request[39m
2024-05-13 18:48:20:4820 [31merror[39m: [31mInvalid login: 534-5.7.9 Application-specific password required. For more information, go to[39m
[31m534 5.7.9  https://support.google.com/mail/?p=InvalidSecondFactor 41be03b00d2f7-6341134706asm6639797a12.86 - gsmtp[39m
2024-05-13 18:48:20:4820 [31merror[39m: [31mBad request[39m
2024-05-13 18:49:52:4952 [31merror[39m: [31mInvalid login: 534-5.7.9 Application-specific password required. For more information, go to[39m
[31m534 5.7.9  https://support.google.com/mail/?p=InvalidSecondFactor d9443c01a7336-1ef0c2568a3sm77205645ad.300 - gsmtp[39m
2024-05-13 18:49:52:4952 [31merror[39m: [31mBad request[39m
2024-05-13 18:52:21:5221 [31merror[39m: [31mInvalid login: 534-5.7.9 Application-specific password required. For more information, go to[39m
[31m534 5.7.9  https://support.google.com/mail/?p=InvalidSecondFactor 98e67ed59e1d1-2b671782d06sm7693949a91.52 - gsmtp[39m
2024-05-13 18:52:21:5221 [31merror[39m: [31mBad request[39m
2024-05-15 10:35:43:3543 [31merror[39m: [31m[39m
[31mInvalid `prisma.user.findFirst()` invocation in[39m
[31m/mnt/Luu1_drive/myuserhome/project/web-app-project/chat-app/back-end/user_service/src/services/user.service.ts:12:44[39m

[31m   9 class UserService {[39m
[31m  10     async getUserByEmail(email: string, options: (keyof User)[] = []) {[39m
[31m  11         try {[39m
[31m→ 12             const user = await prisma.user.findFirst([39m
[31mCan't reach database server at `localhost`:`5432`[39m

[31mPlease make sure your database server is running at `localhost`:`5432`.[39m
2024-05-15 10:36:53:3653 [31merror[39m: [31mconnect ECONNREFUSED 127.0.0.1:587[39m
2024-05-15 10:36:53:3653 [31merror[39m: [31mBad request[39m
2024-05-15 10:37:06:376 [31merror[39m: [31mconnect ECONNREFUSED 127.0.0.1:587[39m
2024-05-15 10:37:06:376 [31merror[39m: [31mBad request[39m
2024-05-15 11:33:23:3323 [31merror[39m: [31mMissing parameter[39m
2024-05-15 11:34:03:343 [31merror[39m: [31mMissing parameter[39m
2024-05-15 11:35:08:358 [31merror[39m: [31mInvalid email[39m
2024-05-15 11:35:57:3557 [31merror[39m: [31mInvalid email[39m
2024-05-15 11:36:30:3630 [31merror[39m: [31mInvalid email[39m
2024-05-15 11:37:17:3717 [31merror[39m: [31mInvalid email[39m
2024-05-15 11:41:02:412 [31merror[39m: [31mInvalid email[39m
2024-05-15 11:41:24:4124 [31merror[39m: [31mInvalid reset code[39m
2024-05-15 11:42:21:4221 [31merror[39m: [31mInvalid reset code[39m
2024-05-15 11:42:51:4251 [31merror[39m: [31mInvalid reset code[39m
2024-05-15 11:43:17:4317 [31merror[39m: [31mInvalid reset code[39m
2024-05-15 11:43:51:4351 [31merror[39m: [31mInvalid reset code[39m
2024-05-15 12:10:45:1045 [31merror[39m: [31mExpired reset code[39m
2024-05-15 12:11:33:1133 [31merror[39m: [31mExpired reset code[39m
2024-05-15 12:12:06:126 [31merror[39m: [31mExpired reset code[39m
2024-05-15 12:12:15:1215 [31merror[39m: [31mExpired reset code[39m
2024-05-15 12:12:21:1221 [31merror[39m: [31mExpired reset code[39m
2024-05-15 12:12:53:1253 [31merror[39m: [31mExpired reset code[39m
2024-05-15 12:13:06:136 [31merror[39m: [31mExpired reset code[39m
2024-05-15 12:14:34:1434 [31merror[39m: [31mExpired reset code[39m
2024-05-15 12:15:02:152 [31merror[39m: [31mExpired reset code[39m
2024-05-15 12:15:07:157 [31merror[39m: [31mExpired reset code[39m
2024-05-15 12:15:59:1559 [31merror[39m: [31mExpired reset code[39m
2024-05-15 12:16:36:1636 [31merror[39m: [31mInvalid reset code[39m
2024-05-15 12:18:06:186 [31merror[39m: [31mExpired reset code[39m
2024-05-15 13:04:06:46 [31merror[39m: [31mClient network socket disconnected before secure TLS connection was established[39m
2024-05-15 13:04:06:46 [31merror[39m: [31mBad request[39m
2024-05-15 13:08:34:834 [31merror[39m: [31mInvalid reset code[39m
2024-06-30 14:09:20:920 [31merror[39m: [31m[31merror[31m[39m
2024-06-30 14:10:20:1020 [31merror[39m: [31m[31merror[31m[39m
2024-06-30 14:11:06:116 [31merror[39m: [31m[31merror[31m[39m
2024-06-30 14:11:09:119 [31merror[39m: [31m[31merror[31m[39m
2024-06-30 14:12:11:1211 [31merror[39m: [31m[31merror[31m[39m
2024-06-30 14:13:36:1336 [31merror[39m: [31m[31merror[31m[39m
2024-06-30 14:32:01:321 [31merror[39m: [31m[39m
[31mInvalid `prisma.user.findFirst()` invocation in[39m
[31m/mnt/pdluu/myuserhome/project/web-app-project/chat-app/back-end/user_service/src/controller/user.controller.ts:72:27[39m

[31m  69 [39m
[31m  70 // * find if user is already existing[39m
[31m  71 if ([39m
[31m→ 72   await prisma.user.findFirst([39m
[31mCan't reach database server at `localhost`:`5432`[39m

[31mPlease make sure your database server is running at `localhost`:`5432`.[39m
2024-06-30 14:33:23:3323 [31merror[39m: [31mInvalid salt. Salt must be in the form of: $Vers$log2(NumRounds)$saltvalue[39m
2024-06-30 14:34:06:346 [31merror[39m: [31mInvalid salt. Salt must be in the form of: $Vers$log2(NumRounds)$saltvalue[39m
2024-06-30 14:35:16:3516 [31merror[39m: [31mInvalid salt. Salt must be in the form of: $Vers$log2(NumRounds)$saltvalue[39m
